Started GET "/" for 127.0.0.1 at 2018-05-29 22:20:24 +0700
  
ActiveRecord::PendingMigrationError (

Migrations are pending. To resolve this issue, run:

        bin/rails db:migrate RAILS_ENV=development

):
  
activerecord (5.2.0) lib/active_record/migration.rb:579:in `check_pending!'
activerecord (5.2.0) lib/active_record/migration.rb:556:in `call'
actionpack (5.2.0) lib/action_dispatch/middleware/callbacks.rb:28:in `block in call'
activesupport (5.2.0) lib/active_support/callbacks.rb:98:in `run_callbacks'
actionpack (5.2.0) lib/action_dispatch/middleware/callbacks.rb:26:in `call'
actionpack (5.2.0) lib/action_dispatch/middleware/executor.rb:14:in `call'
actionpack (5.2.0) lib/action_dispatch/middleware/debug_exceptions.rb:61:in `call'
web-console (3.6.2) lib/web_console/middleware.rb:135:in `call_app'
web-console (3.6.2) lib/web_console/middleware.rb:30:in `block in call'
web-console (3.6.2) lib/web_console/middleware.rb:20:in `catch'
web-console (3.6.2) lib/web_console/middleware.rb:20:in `call'
actionpack (5.2.0) lib/action_dispatch/middleware/show_exceptions.rb:33:in `call'
railties (5.2.0) lib/rails/rack/logger.rb:38:in `call_app'
railties (5.2.0) lib/rails/rack/logger.rb:26:in `block in call'
activesupport (5.2.0) lib/active_support/tagged_logging.rb:71:in `block in tagged'
activesupport (5.2.0) lib/active_support/tagged_logging.rb:28:in `tagged'
activesupport (5.2.0) lib/active_support/tagged_logging.rb:71:in `tagged'
railties (5.2.0) lib/rails/rack/logger.rb:26:in `call'
sprockets-rails (3.2.1) lib/sprockets/rails/quiet_assets.rb:13:in `call'
actionpack (5.2.0) lib/action_dispatch/middleware/remote_ip.rb:81:in `call'
actionpack (5.2.0) lib/action_dispatch/middleware/request_id.rb:27:in `call'
rack (2.0.5) lib/rack/method_override.rb:22:in `call'
rack (2.0.5) lib/rack/runtime.rb:22:in `call'
activesupport (5.2.0) lib/active_support/cache/strategy/local_cache_middleware.rb:29:in `call'
actionpack (5.2.0) lib/action_dispatch/middleware/executor.rb:14:in `call'
actionpack (5.2.0) lib/action_dispatch/middleware/static.rb:127:in `call'
rack (2.0.5) lib/rack/sendfile.rb:111:in `call'
railties (5.2.0) lib/rails/engine.rb:524:in `call'
puma (3.11.4) lib/puma/configuration.rb:225:in `call'
puma (3.11.4) lib/puma/server.rb:632:in `handle_request'
puma (3.11.4) lib/puma/server.rb:446:in `process_client'
puma (3.11.4) lib/puma/server.rb:306:in `block in run'
puma (3.11.4) lib/puma/thread_pool.rb:120:in `block in spawn_thread'
  [1m[35m (1.3ms)[0m  [1m[34mSELECT sqlite_version(*)[0m
  ↳ /Users/nguyentrungtin/.rvm/gems/ruby-2.3.7/bin/rake:23
  [1m[35m (2.6ms)[0m  [1m[35mCREATE TABLE "schema_migrations" ("version" varchar NOT NULL PRIMARY KEY)[0m
  ↳ /Users/nguyentrungtin/.rvm/gems/ruby-2.3.7/bin/rake:23
  [1m[35m (2.5ms)[0m  [1m[35mCREATE TABLE "ar_internal_metadata" ("key" varchar NOT NULL PRIMARY KEY, "value" varchar, "created_at" datetime NOT NULL, "updated_at" datetime NOT NULL)[0m
  ↳ /Users/nguyentrungtin/.rvm/gems/ruby-2.3.7/bin/rake:23
  [1m[35m (0.2ms)[0m  [1m[34mSELECT "schema_migrations"."version" FROM "schema_migrations" ORDER BY "schema_migrations"."version" ASC[0m
  ↳ /Users/nguyentrungtin/.rvm/gems/ruby-2.3.7/bin/rake:23
Migrating to CreateUsers (20180529150437)
  [1m[35m (0.1ms)[0m  [1m[36mbegin transaction[0m
  ↳ /Users/nguyentrungtin/.rvm/gems/ruby-2.3.7/bin/rake:23
  [1m[35m (0.2ms)[0m  [1m[31mrollback transaction[0m
  ↳ /Users/nguyentrungtin/.rvm/gems/ruby-2.3.7/bin/rake:23
  [1m[35m (0.2ms)[0m  [1m[34mSELECT "schema_migrations"."version" FROM "schema_migrations" ORDER BY "schema_migrations"."version" ASC[0m
  ↳ /Users/nguyentrungtin/.rvm/gems/ruby-2.3.7/bin/rake:23
Migrating to CreateUsers (20180529150437)
  [1m[35m (0.1ms)[0m  [1m[36mbegin transaction[0m
  ↳ /Users/nguyentrungtin/.rvm/gems/ruby-2.3.7/bin/rake:23
  [1m[35m (0.1ms)[0m  [1m[34mSELECT sqlite_version(*)[0m
  ↳ db/migrate/20180529150437_create_users.rb:3
  [1m[35m (0.7ms)[0m  [1m[35mCREATE TABLE "users" ("id" integer PRIMARY KEY AUTOINCREMENT NOT NULL, "email" varchar, "password" varchar, "username" varchar, "created_at" datetime NOT NULL, "updated_at" datetime NOT NULL)[0m
  ↳ db/migrate/20180529150437_create_users.rb:3
  [1m[36mActiveRecord::SchemaMigration Create (0.3ms)[0m  [1m[32mINSERT INTO "schema_migrations" ("version") VALUES (?)[0m  [["version", "20180529150437"]]
  ↳ /Users/nguyentrungtin/.rvm/gems/ruby-2.3.7/bin/rake:23
  [1m[35m (1.8ms)[0m  [1m[36mcommit transaction[0m
  ↳ /Users/nguyentrungtin/.rvm/gems/ruby-2.3.7/bin/rake:23
  [1m[36mActiveRecord::InternalMetadata Load (0.2ms)[0m  [1m[34mSELECT  "ar_internal_metadata".* FROM "ar_internal_metadata" WHERE "ar_internal_metadata"."key" = ? LIMIT ?[0m  [["key", "environment"], ["LIMIT", 1]]
  ↳ /Users/nguyentrungtin/.rvm/gems/ruby-2.3.7/bin/rake:23
  [1m[35m (0.3ms)[0m  [1m[36mbegin transaction[0m
  ↳ /Users/nguyentrungtin/.rvm/gems/ruby-2.3.7/bin/rake:23
  [1m[36mActiveRecord::InternalMetadata Create (1.4ms)[0m  [1m[32mINSERT INTO "ar_internal_metadata" ("key", "value", "created_at", "updated_at") VALUES (?, ?, ?, ?)[0m  [["key", "environment"], ["value", "development"], ["created_at", "2018-05-29 15:21:17.772047"], ["updated_at", "2018-05-29 15:21:17.772047"]]
  ↳ /Users/nguyentrungtin/.rvm/gems/ruby-2.3.7/bin/rake:23
  [1m[35m (4.1ms)[0m  [1m[36mcommit transaction[0m
  ↳ /Users/nguyentrungtin/.rvm/gems/ruby-2.3.7/bin/rake:23
  [1m[35m (0.6ms)[0m  [1m[34mSELECT "schema_migrations"."version" FROM "schema_migrations" ORDER BY "schema_migrations"."version" ASC[0m
  ↳ /Users/nguyentrungtin/.rvm/gems/ruby-2.3.7/bin/rake:23
Started GET "/" for 127.0.0.1 at 2018-05-29 22:21:28 +0700
  [1m[35m (0.2ms)[0m  [1m[34mSELECT "schema_migrations"."version" FROM "schema_migrations" ORDER BY "schema_migrations"."version" ASC[0m
  ↳ /Users/nguyentrungtin/.rvm/gems/ruby-2.3.7/gems/activerecord-5.2.0/lib/active_record/log_subscriber.rb:98
Processing by Rails::WelcomeController#index as HTML
  Rendering /Users/nguyentrungtin/.rvm/gems/ruby-2.3.7/gems/railties-5.2.0/lib/rails/templates/rails/welcome/index.html.erb
  Rendered /Users/nguyentrungtin/.rvm/gems/ruby-2.3.7/gems/railties-5.2.0/lib/rails/templates/rails/welcome/index.html.erb (5.7ms)
Completed 200 OK in 27ms (Views: 11.2ms | ActiveRecord: 0.0ms)


Started GET "/" for 127.0.0.1 at 2018-05-29 22:22:31 +0700
Processing by UsersController#index as HTML
  Rendering users/index.html.erb within layouts/application
  Rendered users/index.html.erb within layouts/application (0.4ms)
Completed 200 OK in 431ms (Views: 427.4ms | ActiveRecord: 0.0ms)


Started GET "/" for 127.0.0.1 at 2018-05-29 22:22:36 +0700
Processing by UsersController#index as HTML
  Rendering users/index.html.erb within layouts/application
  Rendered users/index.html.erb within layouts/application (0.7ms)
Completed 200 OK in 55ms (Views: 51.1ms | ActiveRecord: 0.0ms)


Started GET "/login" for 127.0.0.1 at 2018-05-29 22:22:43 +0700
Processing by SessionsController#new as HTML
  Rendering sessions/new.html.erb within layouts/application
  Rendered sessions/new.html.erb within layouts/application (3.8ms)
Completed 200 OK in 116ms (Views: 105.9ms | ActiveRecord: 0.0ms)


Started GET "/signup" for 127.0.0.1 at 2018-05-29 22:22:48 +0700
Processing by UsersController#new as HTML
Completed 500 Internal Server Error in 7ms (ActiveRecord: 0.0ms)


  
LoadError (cannot load such file -- bcrypt):
  
app/models/user.rb:3:in `<class:User>'
app/models/user.rb:1:in `<main>'
app/controllers/users_controller.rb:3:in `new'
Started GET "/signup" for 127.0.0.1 at 2018-05-29 22:23:05 +0700
Processing by UsersController#new as HTML
  Rendering users/new.html.erb within layouts/application
  Rendered users/new.html.erb within layouts/application (69.1ms)
Completed 200 OK in 178ms (Views: 134.4ms | ActiveRecord: 1.2ms)


Started POST "/users" for 127.0.0.1 at 2018-05-29 22:23:26 +0700
Processing by UsersController#create as HTML
  Parameters: {"utf8"=>"✓", "authenticity_token"=>"54+gNspSgWe8ezu08i+gbcHL1UVuhKXPJiFgMp8+wAZFC+IE3C0feiQ/E0yiLcyLhby15BTLKweyCpnRitGOQw==", "user"=>{"username"=>"admin", "email"=>"admin@example.com", "password"=>"[FILTERED]", "password_confirmation"=>"[FILTERED]"}, "commit"=>"Sign Up"}
Completed 500 Internal Server Error in 2ms (ActiveRecord: 0.0ms)


  
ActiveModel::UnknownAttributeError (unknown attribute 'password_confirmation' for User.):
  
app/controllers/users_controller.rb:7:in `create'
Started POST "/users" for 127.0.0.1 at 2018-05-29 22:26:24 +0700
Processing by UsersController#create as HTML
  Parameters: {"utf8"=>"✓", "authenticity_token"=>"54+gNspSgWe8ezu08i+gbcHL1UVuhKXPJiFgMp8+wAZFC+IE3C0feiQ/E0yiLcyLhby15BTLKweyCpnRitGOQw==", "user"=>{"username"=>"admin", "email"=>"admin@example.com", "password"=>"[FILTERED]", "password_confirmation"=>"[FILTERED]"}, "commit"=>"Sign Up"}
Unpermitted parameter: :password_confirmation
  [1m[35m (0.1ms)[0m  [1m[36mbegin transaction[0m
  ↳ app/controllers/users_controller.rb:8
  [1m[36mUser Exists (0.3ms)[0m  [1m[34mSELECT  1 AS one FROM "users" WHERE "users"."username" = ? LIMIT ?[0m  [["username", "admin"], ["LIMIT", 1]]
  ↳ app/controllers/users_controller.rb:8
  [1m[35m (0.1ms)[0m  [1m[31mrollback transaction[0m
  ↳ app/controllers/users_controller.rb:8
  Rendering users/new.html.erb within layouts/application
  Rendered users/new.html.erb within layouts/application (3.6ms)
Completed 200 OK in 73ms (Views: 45.7ms | ActiveRecord: 1.3ms)


Started POST "/users" for 127.0.0.1 at 2018-05-29 22:26:34 +0700
Processing by UsersController#create as HTML
  Parameters: {"utf8"=>"✓", "authenticity_token"=>"XDIWa6E9kugUAsCmPJ4/RLgpanjaHP0piYNRxXnCdjj+tlRZt0IM9YxG6F5snFOi/F4K2aBTc+EdqKgmbC04fQ==", "user"=>{"username"=>"admin", "email"=>"admin@example.com", "password"=>"[FILTERED]"}, "commit"=>"Sign Up"}
  [1m[35m (0.1ms)[0m  [1m[36mbegin transaction[0m
  ↳ app/controllers/users_controller.rb:8
  [1m[36mUser Exists (0.2ms)[0m  [1m[34mSELECT  1 AS one FROM "users" WHERE "users"."username" = ? LIMIT ?[0m  [["username", "admin"], ["LIMIT", 1]]
  ↳ app/controllers/users_controller.rb:8
  [1m[36mUser Create (0.8ms)[0m  [1m[32mINSERT INTO "users" ("email", "password", "username", "created_at", "updated_at") VALUES (?, ?, ?, ?, ?)[0m  [["email", "admin@example.com"], ["password", "123456"], ["username", "admin"], ["created_at", "2018-05-29 15:26:34.520076"], ["updated_at", "2018-05-29 15:26:34.520076"]]
  ↳ app/controllers/users_controller.rb:8
  [1m[35m (1.3ms)[0m  [1m[36mcommit transaction[0m
  ↳ app/controllers/users_controller.rb:8
Redirected to http://localhost:3000/users/1
Completed 302 Found in 12ms (ActiveRecord: 2.5ms)


Started GET "/users/1" for 127.0.0.1 at 2018-05-29 22:26:34 +0700
Processing by UsersController#show as HTML
  Parameters: {"id"=>"1"}
Completed 500 Internal Server Error in 244ms (ActiveRecord: 0.0ms)


  
NameError (undefined local variable or method `current_user' for #<UsersController:0x00007f9af95431c0>):
  
app/controllers/users_controller.rb:17:in `show'
Started GET "/users/1" for 127.0.0.1 at 2018-05-29 22:28:08 +0700
Processing by UsersController#show as HTML
  Parameters: {"id"=>"1"}
  [1m[36mUser Load (0.2ms)[0m  [1m[34mSELECT  "users".* FROM "users" WHERE "users"."id" = ? LIMIT ?[0m  [["id", 1], ["LIMIT", 1]]
  ↳ app/controllers/application_controller.rb:4
  Rendering users/show.html.erb within layouts/application
  Rendered users/show.html.erb within layouts/application (2.5ms)
Completed 500 Internal Server Error in 383ms (ActiveRecord: 2.3ms)


  
ActionView::Template::Error (undefined local variable or method `current_user' for #<#<Class:0x00007f9affa84ac0>:0x00007f9b00876b88>
Did you mean?  @current_user):
     8:   </head>
     9:   <body>
    10:     <div id="container">
    11:       <% if current_user %>
    12:         Logged in as <%= link_to current_user.username, user_path(current_user) %>.
    13:         <%= link_to "Log Out", logout_path %>
    14:       <% else %>
  
app/views/layouts/application.html.erb:11:in `_app_views_layouts_application_html_erb__838501889140476088_70151852749680'
Started GET "/users/1" for 127.0.0.1 at 2018-05-29 22:29:03 +0700
Processing by UsersController#show as HTML
  Parameters: {"id"=>"1"}
  [1m[36mUser Load (0.2ms)[0m  [1m[34mSELECT  "users".* FROM "users" WHERE "users"."id" = ? LIMIT ?[0m  [["id", 1], ["LIMIT", 1]]
  ↳ app/controllers/application_controller.rb:4
  Rendering users/show.html.erb within layouts/application
  Rendered users/show.html.erb within layouts/application (1.0ms)
Completed 200 OK in 67ms (Views: 41.2ms | ActiveRecord: 1.1ms)


Started GET "/passwords/new" for 127.0.0.1 at 2018-05-29 22:29:16 +0700
  
ActionController::RoutingError (uninitialized constant PasswordsController):
  
bootsnap (1.3.0) lib/bootsnap/load_path_cache/core_ext/active_support.rb:53:in `block in load_missing_constant'
bootsnap (1.3.0) lib/bootsnap/load_path_cache/core_ext/active_support.rb:8:in `without_bootsnap_cache'
bootsnap (1.3.0) lib/bootsnap/load_path_cache/core_ext/active_support.rb:53:in `rescue in load_missing_constant'
bootsnap (1.3.0) lib/bootsnap/load_path_cache/core_ext/active_support.rb:42:in `load_missing_constant'
activesupport (5.2.0) lib/active_support/inflector/methods.rb:283:in `const_get'
activesupport (5.2.0) lib/active_support/inflector/methods.rb:283:in `block in constantize'
activesupport (5.2.0) lib/active_support/inflector/methods.rb:281:in `each'
activesupport (5.2.0) lib/active_support/inflector/methods.rb:281:in `inject'
activesupport (5.2.0) lib/active_support/inflector/methods.rb:281:in `constantize'
actionpack (5.2.0) lib/action_dispatch/http/request.rb:88:in `controller_class_for'
actionpack (5.2.0) lib/action_dispatch/http/request.rb:81:in `controller_class'
actionpack (5.2.0) lib/action_dispatch/routing/route_set.rb:46:in `controller'
actionpack (5.2.0) lib/action_dispatch/routing/route_set.rb:32:in `serve'
actionpack (5.2.0) lib/action_dispatch/journey/router.rb:52:in `block in serve'
actionpack (5.2.0) lib/action_dispatch/journey/router.rb:35:in `each'
actionpack (5.2.0) lib/action_dispatch/journey/router.rb:35:in `serve'
actionpack (5.2.0) lib/action_dispatch/routing/route_set.rb:840:in `call'
rack (2.0.5) lib/rack/tempfile_reaper.rb:15:in `call'
rack (2.0.5) lib/rack/etag.rb:25:in `call'
rack (2.0.5) lib/rack/conditional_get.rb:25:in `call'
rack (2.0.5) lib/rack/head.rb:12:in `call'
actionpack (5.2.0) lib/action_dispatch/http/content_security_policy.rb:18:in `call'
rack (2.0.5) lib/rack/session/abstract/id.rb:232:in `context'
rack (2.0.5) lib/rack/session/abstract/id.rb:226:in `call'
actionpack (5.2.0) lib/action_dispatch/middleware/cookies.rb:670:in `call'
activerecord (5.2.0) lib/active_record/migration.rb:559:in `call'
actionpack (5.2.0) lib/action_dispatch/middleware/callbacks.rb:28:in `block in call'
activesupport (5.2.0) lib/active_support/callbacks.rb:98:in `run_callbacks'
actionpack (5.2.0) lib/action_dispatch/middleware/callbacks.rb:26:in `call'
actionpack (5.2.0) lib/action_dispatch/middleware/executor.rb:14:in `call'
actionpack (5.2.0) lib/action_dispatch/middleware/debug_exceptions.rb:61:in `call'
web-console (3.6.2) lib/web_console/middleware.rb:135:in `call_app'
web-console (3.6.2) lib/web_console/middleware.rb:30:in `block in call'
web-console (3.6.2) lib/web_console/middleware.rb:20:in `catch'
web-console (3.6.2) lib/web_console/middleware.rb:20:in `call'
actionpack (5.2.0) lib/action_dispatch/middleware/show_exceptions.rb:33:in `call'
railties (5.2.0) lib/rails/rack/logger.rb:38:in `call_app'
railties (5.2.0) lib/rails/rack/logger.rb:26:in `block in call'
activesupport (5.2.0) lib/active_support/tagged_logging.rb:71:in `block in tagged'
activesupport (5.2.0) lib/active_support/tagged_logging.rb:28:in `tagged'
activesupport (5.2.0) lib/active_support/tagged_logging.rb:71:in `tagged'
railties (5.2.0) lib/rails/rack/logger.rb:26:in `call'
sprockets-rails (3.2.1) lib/sprockets/rails/quiet_assets.rb:13:in `call'
actionpack (5.2.0) lib/action_dispatch/middleware/remote_ip.rb:81:in `call'
actionpack (5.2.0) lib/action_dispatch/middleware/request_id.rb:27:in `call'
rack (2.0.5) lib/rack/method_override.rb:22:in `call'
rack (2.0.5) lib/rack/runtime.rb:22:in `call'
activesupport (5.2.0) lib/active_support/cache/strategy/local_cache_middleware.rb:29:in `call'
actionpack (5.2.0) lib/action_dispatch/middleware/executor.rb:14:in `call'
actionpack (5.2.0) lib/action_dispatch/middleware/static.rb:127:in `call'
rack (2.0.5) lib/rack/sendfile.rb:111:in `call'
railties (5.2.0) lib/rails/engine.rb:524:in `call'
puma (3.11.4) lib/puma/configuration.rb:225:in `call'
puma (3.11.4) lib/puma/server.rb:632:in `handle_request'
puma (3.11.4) lib/puma/server.rb:446:in `process_client'
puma (3.11.4) lib/puma/server.rb:306:in `block in run'
puma (3.11.4) lib/puma/thread_pool.rb:120:in `block in spawn_thread'
Started GET "/passwords/new" for 127.0.0.1 at 2018-05-29 22:30:10 +0700
Processing by PasswordsController#new as HTML
  [1m[36mUser Load (0.2ms)[0m  [1m[34mSELECT  "users".* FROM "users" WHERE "users"."id" = ? LIMIT ?[0m  [["id", 1], ["LIMIT", 1]]
  ↳ app/controllers/application_controller.rb:4
Completed 406 Not Acceptable in 136ms (ActiveRecord: 1.0ms)


  
ActionController::UnknownFormat (PasswordsController#new is missing a template for this request format and variant.

request.formats: ["text/html"]
request.variant: []

NOTE! For XHR/Ajax or API requests, this action would normally respond with 204 No Content: an empty white screen. Since you're loading it in a web browser, we assume that you expected to actually render a template, not nothing, so we're showing an error to be extra-clear. If you expect 204 No Content, carry on. That's what you'll get from an XHR or API request. Give it a shot.):
  
actionpack (5.2.0) lib/action_controller/metal/implicit_render.rb:55:in `default_render'
actionpack (5.2.0) lib/action_controller/metal/basic_implicit_render.rb:6:in `block in send_action'
actionpack (5.2.0) lib/action_controller/metal/basic_implicit_render.rb:6:in `tap'
actionpack (5.2.0) lib/action_controller/metal/basic_implicit_render.rb:6:in `send_action'
actionpack (5.2.0) lib/abstract_controller/base.rb:194:in `process_action'
actionpack (5.2.0) lib/action_controller/metal/rendering.rb:30:in `process_action'
actionpack (5.2.0) lib/abstract_controller/callbacks.rb:42:in `block in process_action'
activesupport (5.2.0) lib/active_support/callbacks.rb:132:in `run_callbacks'
actionpack (5.2.0) lib/abstract_controller/callbacks.rb:41:in `process_action'
actionpack (5.2.0) lib/action_controller/metal/rescue.rb:22:in `process_action'
actionpack (5.2.0) lib/action_controller/metal/instrumentation.rb:34:in `block in process_action'
activesupport (5.2.0) lib/active_support/notifications.rb:168:in `block in instrument'
activesupport (5.2.0) lib/active_support/notifications/instrumenter.rb:23:in `instrument'
activesupport (5.2.0) lib/active_support/notifications.rb:168:in `instrument'
actionpack (5.2.0) lib/action_controller/metal/instrumentation.rb:32:in `process_action'
actionpack (5.2.0) lib/action_controller/metal/params_wrapper.rb:256:in `process_action'
activerecord (5.2.0) lib/active_record/railties/controller_runtime.rb:24:in `process_action'
actionpack (5.2.0) lib/abstract_controller/base.rb:134:in `process'
actionview (5.2.0) lib/action_view/rendering.rb:32:in `process'
actionpack (5.2.0) lib/action_controller/metal.rb:191:in `dispatch'
actionpack (5.2.0) lib/action_controller/metal.rb:252:in `dispatch'
actionpack (5.2.0) lib/action_dispatch/routing/route_set.rb:52:in `dispatch'
actionpack (5.2.0) lib/action_dispatch/routing/route_set.rb:34:in `serve'
actionpack (5.2.0) lib/action_dispatch/journey/router.rb:52:in `block in serve'
actionpack (5.2.0) lib/action_dispatch/journey/router.rb:35:in `each'
actionpack (5.2.0) lib/action_dispatch/journey/router.rb:35:in `serve'
actionpack (5.2.0) lib/action_dispatch/routing/route_set.rb:840:in `call'
rack (2.0.5) lib/rack/tempfile_reaper.rb:15:in `call'
rack (2.0.5) lib/rack/etag.rb:25:in `call'
rack (2.0.5) lib/rack/conditional_get.rb:25:in `call'
rack (2.0.5) lib/rack/head.rb:12:in `call'
actionpack (5.2.0) lib/action_dispatch/http/content_security_policy.rb:18:in `call'
rack (2.0.5) lib/rack/session/abstract/id.rb:232:in `context'
rack (2.0.5) lib/rack/session/abstract/id.rb:226:in `call'
actionpack (5.2.0) lib/action_dispatch/middleware/cookies.rb:670:in `call'
activerecord (5.2.0) lib/active_record/migration.rb:559:in `call'
actionpack (5.2.0) lib/action_dispatch/middleware/callbacks.rb:28:in `block in call'
activesupport (5.2.0) lib/active_support/callbacks.rb:98:in `run_callbacks'
actionpack (5.2.0) lib/action_dispatch/middleware/callbacks.rb:26:in `call'
actionpack (5.2.0) lib/action_dispatch/middleware/executor.rb:14:in `call'
actionpack (5.2.0) lib/action_dispatch/middleware/debug_exceptions.rb:61:in `call'
web-console (3.6.2) lib/web_console/middleware.rb:135:in `call_app'
web-console (3.6.2) lib/web_console/middleware.rb:30:in `block in call'
web-console (3.6.2) lib/web_console/middleware.rb:20:in `catch'
web-console (3.6.2) lib/web_console/middleware.rb:20:in `call'
actionpack (5.2.0) lib/action_dispatch/middleware/show_exceptions.rb:33:in `call'
railties (5.2.0) lib/rails/rack/logger.rb:38:in `call_app'
railties (5.2.0) lib/rails/rack/logger.rb:26:in `block in call'
activesupport (5.2.0) lib/active_support/tagged_logging.rb:71:in `block in tagged'
activesupport (5.2.0) lib/active_support/tagged_logging.rb:28:in `tagged'
activesupport (5.2.0) lib/active_support/tagged_logging.rb:71:in `tagged'
railties (5.2.0) lib/rails/rack/logger.rb:26:in `call'
sprockets-rails (3.2.1) lib/sprockets/rails/quiet_assets.rb:13:in `call'
actionpack (5.2.0) lib/action_dispatch/middleware/remote_ip.rb:81:in `call'
actionpack (5.2.0) lib/action_dispatch/middleware/request_id.rb:27:in `call'
rack (2.0.5) lib/rack/method_override.rb:22:in `call'
rack (2.0.5) lib/rack/runtime.rb:22:in `call'
activesupport (5.2.0) lib/active_support/cache/strategy/local_cache_middleware.rb:29:in `call'
actionpack (5.2.0) lib/action_dispatch/middleware/executor.rb:14:in `call'
actionpack (5.2.0) lib/action_dispatch/middleware/static.rb:127:in `call'
rack (2.0.5) lib/rack/sendfile.rb:111:in `call'
railties (5.2.0) lib/rails/engine.rb:524:in `call'
puma (3.11.4) lib/puma/configuration.rb:225:in `call'
puma (3.11.4) lib/puma/server.rb:632:in `handle_request'
puma (3.11.4) lib/puma/server.rb:446:in `process_client'
puma (3.11.4) lib/puma/server.rb:306:in `block in run'
puma (3.11.4) lib/puma/thread_pool.rb:120:in `block in spawn_thread'
Started GET "/passwords/new" for 127.0.0.1 at 2018-05-29 22:30:36 +0700
Processing by PasswordsController#new as HTML
  [1m[36mUser Load (0.2ms)[0m  [1m[34mSELECT  "users".* FROM "users" WHERE "users"."id" = ? LIMIT ?[0m  [["id", 1], ["LIMIT", 1]]
  ↳ app/controllers/application_controller.rb:4
  Rendering passwords/new.html.erb within layouts/application
  Rendered passwords/new.html.erb within layouts/application (4.4ms)
Completed 200 OK in 39ms (Views: 33.6ms | ActiveRecord: 0.2ms)


Started POST "/passwords" for 127.0.0.1 at 2018-05-29 22:30:57 +0700
Processing by PasswordsController#create as HTML
  Parameters: {"utf8"=>"✓", "authenticity_token"=>"o0alR4j/887jy4dWGh6QVYQNWkfX8jP0z94IRFyEcKsBwud1noBt03uPr65KHPyzwHo65q29vTxb9fGnSWs+7g==", "user"=>{"original_password"=>"[FILTERED]", "new_password"=>"[FILTERED]", "new_password_confirmation"=>"[FILTERED]"}, "commit"=>"Change Password"}
  [1m[36mUser Load (0.3ms)[0m  [1m[34mSELECT  "users".* FROM "users" WHERE "users"."id" = ? LIMIT ?[0m  [["id", 1], ["LIMIT", 1]]
  ↳ app/controllers/application_controller.rb:4
  [1m[35m (0.1ms)[0m  [1m[36mbegin transaction[0m
  ↳ app/controllers/passwords_controller.rb:9
  [1m[36mUser Exists (0.4ms)[0m  [1m[34mSELECT  1 AS one FROM "users" WHERE "users"."username" = ? AND "users"."id" != ? LIMIT ?[0m  [["username", "admin"], ["id", 1], ["LIMIT", 1]]
  ↳ app/controllers/passwords_controller.rb:9
  [1m[35m (0.1ms)[0m  [1m[31mrollback transaction[0m
  ↳ app/controllers/passwords_controller.rb:9
  Rendering passwords/new.html.erb within layouts/application
  Rendered passwords/new.html.erb within layouts/application (5.1ms)
Completed 200 OK in 61ms (Views: 51.5ms | ActiveRecord: 1.0ms)


Started GET "/passwords" for 127.0.0.1 at 2018-05-29 22:32:58 +0700
  
AbstractController::ActionNotFound (The action 'index' could not be found for PasswordsController):
  
actionpack (5.2.0) lib/abstract_controller/base.rb:129:in `process'
actionview (5.2.0) lib/action_view/rendering.rb:32:in `process'
actionpack (5.2.0) lib/action_controller/metal.rb:191:in `dispatch'
actionpack (5.2.0) lib/action_controller/metal.rb:252:in `dispatch'
actionpack (5.2.0) lib/action_dispatch/routing/route_set.rb:52:in `dispatch'
actionpack (5.2.0) lib/action_dispatch/routing/route_set.rb:34:in `serve'
actionpack (5.2.0) lib/action_dispatch/journey/router.rb:52:in `block in serve'
actionpack (5.2.0) lib/action_dispatch/journey/router.rb:35:in `each'
actionpack (5.2.0) lib/action_dispatch/journey/router.rb:35:in `serve'
actionpack (5.2.0) lib/action_dispatch/routing/route_set.rb:840:in `call'
rack (2.0.5) lib/rack/tempfile_reaper.rb:15:in `call'
rack (2.0.5) lib/rack/etag.rb:25:in `call'
rack (2.0.5) lib/rack/conditional_get.rb:25:in `call'
rack (2.0.5) lib/rack/head.rb:12:in `call'
actionpack (5.2.0) lib/action_dispatch/http/content_security_policy.rb:18:in `call'
rack (2.0.5) lib/rack/session/abstract/id.rb:232:in `context'
rack (2.0.5) lib/rack/session/abstract/id.rb:226:in `call'
actionpack (5.2.0) lib/action_dispatch/middleware/cookies.rb:670:in `call'
activerecord (5.2.0) lib/active_record/migration.rb:559:in `call'
actionpack (5.2.0) lib/action_dispatch/middleware/callbacks.rb:28:in `block in call'
activesupport (5.2.0) lib/active_support/callbacks.rb:98:in `run_callbacks'
actionpack (5.2.0) lib/action_dispatch/middleware/callbacks.rb:26:in `call'
actionpack (5.2.0) lib/action_dispatch/middleware/executor.rb:14:in `call'
actionpack (5.2.0) lib/action_dispatch/middleware/debug_exceptions.rb:61:in `call'
web-console (3.6.2) lib/web_console/middleware.rb:135:in `call_app'
web-console (3.6.2) lib/web_console/middleware.rb:30:in `block in call'
web-console (3.6.2) lib/web_console/middleware.rb:20:in `catch'
web-console (3.6.2) lib/web_console/middleware.rb:20:in `call'
actionpack (5.2.0) lib/action_dispatch/middleware/show_exceptions.rb:33:in `call'
railties (5.2.0) lib/rails/rack/logger.rb:38:in `call_app'
railties (5.2.0) lib/rails/rack/logger.rb:26:in `block in call'
activesupport (5.2.0) lib/active_support/tagged_logging.rb:71:in `block in tagged'
activesupport (5.2.0) lib/active_support/tagged_logging.rb:28:in `tagged'
activesupport (5.2.0) lib/active_support/tagged_logging.rb:71:in `tagged'
railties (5.2.0) lib/rails/rack/logger.rb:26:in `call'
sprockets-rails (3.2.1) lib/sprockets/rails/quiet_assets.rb:13:in `call'
actionpack (5.2.0) lib/action_dispatch/middleware/remote_ip.rb:81:in `call'
actionpack (5.2.0) lib/action_dispatch/middleware/request_id.rb:27:in `call'
rack (2.0.5) lib/rack/method_override.rb:22:in `call'
rack (2.0.5) lib/rack/runtime.rb:22:in `call'
activesupport (5.2.0) lib/active_support/cache/strategy/local_cache_middleware.rb:29:in `call'
actionpack (5.2.0) lib/action_dispatch/middleware/executor.rb:14:in `call'
actionpack (5.2.0) lib/action_dispatch/middleware/static.rb:127:in `call'
rack (2.0.5) lib/rack/sendfile.rb:111:in `call'
railties (5.2.0) lib/rails/engine.rb:524:in `call'
puma (3.11.4) lib/puma/configuration.rb:225:in `call'
puma (3.11.4) lib/puma/server.rb:632:in `handle_request'
puma (3.11.4) lib/puma/server.rb:446:in `process_client'
puma (3.11.4) lib/puma/server.rb:306:in `block in run'
puma (3.11.4) lib/puma/thread_pool.rb:120:in `block in spawn_thread'
Started POST "/passwords" for 127.0.0.1 at 2018-05-29 22:33:15 +0700
Processing by PasswordsController#create as HTML
  Parameters: {"utf8"=>"✓", "authenticity_token"=>"o0alR4j/887jy4dWGh6QVYQNWkfX8jP0z94IRFyEcKsBwud1noBt03uPr65KHPyzwHo65q29vTxb9fGnSWs+7g==", "user"=>{"original_password"=>"[FILTERED]", "new_password"=>"[FILTERED]", "new_password_confirmation"=>"[FILTERED]"}, "commit"=>"Change Password"}
  [1m[36mUser Load (0.5ms)[0m  [1m[34mSELECT  "users".* FROM "users" WHERE "users"."id" = ? LIMIT ?[0m  [["id", 1], ["LIMIT", 1]]
  ↳ app/controllers/application_controller.rb:4
  [1m[35m (0.1ms)[0m  [1m[36mbegin transaction[0m
  ↳ app/controllers/passwords_controller.rb:9
  [1m[36mUser Exists (0.4ms)[0m  [1m[34mSELECT  1 AS one FROM "users" WHERE "users"."username" = ? AND "users"."id" != ? LIMIT ?[0m  [["username", "admin"], ["id", 1], ["LIMIT", 1]]
  ↳ app/controllers/passwords_controller.rb:9
  [1m[36mUser Update (0.6ms)[0m  [1m[33mUPDATE "users" SET "password" = ? WHERE "users"."id" = ?[0m  [["password", "111111"], ["id", 1]]
  ↳ app/controllers/passwords_controller.rb:9
  [1m[35m (2.1ms)[0m  [1m[36mcommit transaction[0m
  ↳ app/controllers/passwords_controller.rb:9
Redirected to http://localhost:3000/users/1
Completed 302 Found in 14ms (ActiveRecord: 3.6ms)


Started GET "/users/1" for 127.0.0.1 at 2018-05-29 22:33:15 +0700
Processing by UsersController#show as HTML
  Parameters: {"id"=>"1"}
  [1m[36mUser Load (0.2ms)[0m  [1m[34mSELECT  "users".* FROM "users" WHERE "users"."id" = ? LIMIT ?[0m  [["id", 1], ["LIMIT", 1]]
  ↳ app/controllers/application_controller.rb:4
  Rendering users/show.html.erb within layouts/application
  Rendered users/show.html.erb within layouts/application (1.0ms)
Completed 200 OK in 50ms (Views: 43.3ms | ActiveRecord: 0.2ms)


Started GET "/logout" for 127.0.0.1 at 2018-05-29 22:33:18 +0700
Processing by SessionsController#destroy as HTML
Redirected to http://localhost:3000/
Completed 302 Found in 8ms (ActiveRecord: 0.0ms)


Started GET "/" for 127.0.0.1 at 2018-05-29 22:33:18 +0700
Processing by UsersController#index as HTML
  Rendering users/index.html.erb within layouts/application
  Rendered users/index.html.erb within layouts/application (0.5ms)
Completed 200 OK in 38ms (Views: 35.0ms | ActiveRecord: 0.0ms)


Started GET "/login" for 127.0.0.1 at 2018-05-29 22:33:21 +0700
Processing by SessionsController#new as HTML
  Rendering sessions/new.html.erb within layouts/application
  Rendered sessions/new.html.erb within layouts/application (2.2ms)
Completed 200 OK in 63ms (Views: 57.9ms | ActiveRecord: 0.0ms)


Started POST "/sessions" for 127.0.0.1 at 2018-05-29 22:33:30 +0700
Processing by SessionsController#create as HTML
  Parameters: {"utf8"=>"✓", "authenticity_token"=>"zac2zrjusdDPOOWkbMWXLqUHvJdGaLy2XIR//xts8Slh4wY8zSWS2c8fRoo15jTt3UlCfHYhTsg8HNxsHWTskA==", "email"=>"admin@example.com", "password"=>"[FILTERED]", "commit"=>"Log In"}
  [1m[36mUser Load (0.4ms)[0m  [1m[34mSELECT  "users".* FROM "users" WHERE "users"."email" = ? LIMIT ?[0m  [["email", "admin@example.com"], ["LIMIT", 1]]
  ↳ app/controllers/sessions_controller.rb:6
Redirected to http://localhost:3000/
Completed 302 Found in 3ms (ActiveRecord: 0.4ms)


Started GET "/" for 127.0.0.1 at 2018-05-29 22:33:30 +0700
Processing by UsersController#index as HTML
  Rendering users/index.html.erb within layouts/application
  Rendered users/index.html.erb within layouts/application (0.6ms)
  [1m[36mUser Load (0.6ms)[0m  [1m[34mSELECT  "users".* FROM "users" WHERE "users"."id" = ? LIMIT ?[0m  [["id", 1], ["LIMIT", 1]]
  ↳ app/controllers/application_controller.rb:4
Completed 200 OK in 43ms (Views: 39.6ms | ActiveRecord: 0.6ms)


Started GET "/login" for 127.0.0.1 at 2018-05-29 23:10:27 +0700
  [1m[35m (1.3ms)[0m  [1m[34mSELECT "schema_migrations"."version" FROM "schema_migrations" ORDER BY "schema_migrations"."version" ASC[0m
  ↳ /Users/nguyentrungtin/.rvm/gems/ruby-2.3.7/gems/activerecord-5.2.0/lib/active_record/log_subscriber.rb:98
Processing by SessionsController#new as HTML
  Rendering sessions/new.html.erb within layouts/application
  Rendered sessions/new.html.erb within layouts/application (5.1ms)
Completed 200 OK in 370ms (Views: 352.5ms | ActiveRecord: 0.0ms)


Started POST "/sessions" for 127.0.0.1 at 2018-05-29 23:10:38 +0700
Processing by SessionsController#create as HTML
  Parameters: {"utf8"=>"✓", "authenticity_token"=>"FaxnjyYIsOuSd25DriSMnzn2Ik/D9fdnozCOEk30vY+56Fd9U8OT4pJQzW33By9cQbjcpPO8BRnDqC2BS/ygNg==", "email"=>"before1@example.com", "password"=>"[FILTERED]", "commit"=>"Log In"}
  [1m[36mUser Load (1.4ms)[0m  [1m[34mSELECT  "users".* FROM "users" WHERE "users"."email" = ? LIMIT ?[0m  [["email", "before1@example.com"], ["LIMIT", 1]]
  ↳ app/controllers/sessions_controller.rb:6
  Rendering sessions/new.html.erb within layouts/application
  Rendered sessions/new.html.erb within layouts/application (1.7ms)
Completed 200 OK in 60ms (Views: 43.8ms | ActiveRecord: 1.9ms)


Started POST "/sessions" for 127.0.0.1 at 2018-05-29 23:10:46 +0700
Processing by SessionsController#create as HTML
  Parameters: {"utf8"=>"✓", "authenticity_token"=>"j3ucYQHHk0Nq1l+1gxK5+IvAVmaiGxzRBFBSZhmrbAYt/95TF7gNXvKSd03TENUez7c2x9hUkhmQe6uFDEQiQw==", "email"=>"before1@example.com", "password"=>"[FILTERED]", "commit"=>"Log In"}
  [1m[36mUser Load (0.4ms)[0m  [1m[34mSELECT  "users".* FROM "users" WHERE "users"."email" = ? LIMIT ?[0m  [["email", "before1@example.com"], ["LIMIT", 1]]
  ↳ app/controllers/sessions_controller.rb:6
  Rendering sessions/new.html.erb within layouts/application
  Rendered sessions/new.html.erb within layouts/application (3.2ms)
Completed 200 OK in 36ms (Views: 33.3ms | ActiveRecord: 0.4ms)


Started POST "/sessions" for 127.0.0.1 at 2018-05-29 23:10:50 +0700
Processing by SessionsController#create as HTML
  Parameters: {"utf8"=>"✓", "authenticity_token"=>"vuy0te8jbZNnLvUVBY4aG9muIwiodyFYoHMi/5dsZswcaPaH+Vzzjv9q3e1VjHb9ndlDqdI4r5A0WNscgoMoiQ==", "email"=>"before1@example.com", "password"=>"[FILTERED]", "commit"=>"Log In"}
  [1m[36mUser Load (0.2ms)[0m  [1m[34mSELECT  "users".* FROM "users" WHERE "users"."email" = ? LIMIT ?[0m  [["email", "before1@example.com"], ["LIMIT", 1]]
  ↳ app/controllers/sessions_controller.rb:6
  Rendering sessions/new.html.erb within layouts/application
  Rendered sessions/new.html.erb within layouts/application (1.7ms)
Completed 200 OK in 46ms (Views: 44.0ms | ActiveRecord: 0.2ms)


Started POST "/sessions" for 127.0.0.1 at 2018-05-29 23:11:00 +0700
Processing by SessionsController#create as HTML
  Parameters: {"utf8"=>"✓", "authenticity_token"=>"dGJbRks2qiUcAYQYvEUCYcoLbTD60cyV3381OIHDAwPW5hl0XUk0OIRFrODsR26HjnwNkYCeQl1LVMzblCxNRg==", "email"=>"before@example.com", "password"=>"[FILTERED]", "commit"=>"Log In"}
  [1m[36mUser Load (0.2ms)[0m  [1m[34mSELECT  "users".* FROM "users" WHERE "users"."email" = ? LIMIT ?[0m  [["email", "before@example.com"], ["LIMIT", 1]]
  ↳ app/controllers/sessions_controller.rb:6
  Rendering sessions/new.html.erb within layouts/application
  Rendered sessions/new.html.erb within layouts/application (2.8ms)
Completed 200 OK in 51ms (Views: 48.3ms | ActiveRecord: 0.2ms)


Started GET "/signup" for 127.0.0.1 at 2018-05-29 23:11:11 +0700
Processing by UsersController#new as HTML
  Rendering users/new.html.erb within layouts/application
  Rendered users/new.html.erb within layouts/application (23.2ms)
Completed 200 OK in 65ms (Views: 48.4ms | ActiveRecord: 1.2ms)


Started POST "/users" for 127.0.0.1 at 2018-05-29 23:11:33 +0700
Processing by UsersController#create as HTML
  Parameters: {"utf8"=>"✓", "authenticity_token"=>"WpFodFePFDloUQhBwKO0OBS2r5uimkj/kdkK4MnSWb/FU+kWIN0P5EcLFcgOiPz5NsCvcitudsUur42lWKyfGA==", "user"=>{"username"=>"after", "email"=>"after@example.com", "password"=>"[FILTERED]"}, "commit"=>"Sign Up"}
  [1m[35m (0.2ms)[0m  [1m[36mbegin transaction[0m
  ↳ app/controllers/users_controller.rb:8
  [1m[36mUser Exists (0.3ms)[0m  [1m[34mSELECT  1 AS one FROM "users" WHERE "users"."username" = ? LIMIT ?[0m  [["username", "after"], ["LIMIT", 1]]
  ↳ app/controllers/users_controller.rb:8
  [1m[36mUser Create (1.8ms)[0m  [1m[32mINSERT INTO "users" ("email", "password", "username", "created_at", "updated_at") VALUES (?, ?, ?, ?, ?)[0m  [["email", "after@example.com"], ["password", "123456"], ["username", "after"], ["created_at", "2018-05-29 16:11:33.371735"], ["updated_at", "2018-05-29 16:11:33.371735"]]
  ↳ app/controllers/users_controller.rb:8
  [1m[35m (1.8ms)[0m  [1m[36mcommit transaction[0m
  ↳ app/controllers/users_controller.rb:8
Redirected to http://localhost:3000/users/2
Completed 302 Found in 13ms (ActiveRecord: 4.1ms)


Started GET "/users/2" for 127.0.0.1 at 2018-05-29 23:11:33 +0700
Processing by UsersController#show as HTML
  Parameters: {"id"=>"2"}
  [1m[36mUser Load (0.3ms)[0m  [1m[34mSELECT  "users".* FROM "users" WHERE "users"."id" = ? LIMIT ?[0m  [["id", 2], ["LIMIT", 1]]
  ↳ app/controllers/application_controller.rb:4
  Rendering users/show.html.erb within layouts/application
  Rendered users/show.html.erb within layouts/application (0.7ms)
Completed 200 OK in 57ms (Views: 48.4ms | ActiveRecord: 0.3ms)


Started GET "/users/2" for 127.0.0.1 at 2018-05-29 23:11:37 +0700
Processing by UsersController#show as HTML
  Parameters: {"id"=>"2"}
  [1m[36mUser Load (0.2ms)[0m  [1m[34mSELECT  "users".* FROM "users" WHERE "users"."id" = ? LIMIT ?[0m  [["id", 2], ["LIMIT", 1]]
  ↳ app/controllers/application_controller.rb:4
  Rendering users/show.html.erb within layouts/application
  Rendered users/show.html.erb within layouts/application (1.6ms)
Completed 200 OK in 57ms (Views: 50.3ms | ActiveRecord: 0.2ms)


Started GET "/login" for 127.0.0.1 at 2018-05-29 23:11:42 +0700
Processing by SessionsController#new as HTML
  Rendering sessions/new.html.erb within layouts/application
  Rendered sessions/new.html.erb within layouts/application (2.9ms)
  [1m[36mUser Load (0.1ms)[0m  [1m[34mSELECT  "users".* FROM "users" WHERE "users"."id" = ? LIMIT ?[0m  [["id", 2], ["LIMIT", 1]]
  ↳ app/controllers/application_controller.rb:4
Completed 200 OK in 61ms (Views: 56.3ms | ActiveRecord: 0.1ms)


Started GET "/signup" for 127.0.0.1 at 2018-05-29 23:11:45 +0700
Processing by UsersController#new as HTML
  Rendering users/new.html.erb within layouts/application
  Rendered users/new.html.erb within layouts/application (2.3ms)
  [1m[36mUser Load (0.1ms)[0m  [1m[34mSELECT  "users".* FROM "users" WHERE "users"."id" = ? LIMIT ?[0m  [["id", 2], ["LIMIT", 1]]
  ↳ app/controllers/application_controller.rb:4
Completed 200 OK in 28ms (Views: 24.5ms | ActiveRecord: 0.1ms)


Started GET "/sessions" for 127.0.0.1 at 2018-05-29 23:11:46 +0700
  
AbstractController::ActionNotFound (The action 'index' could not be found for SessionsController):
  
actionpack (5.2.0) lib/abstract_controller/base.rb:129:in `process'
actionview (5.2.0) lib/action_view/rendering.rb:32:in `process'
actionpack (5.2.0) lib/action_controller/metal.rb:191:in `dispatch'
actionpack (5.2.0) lib/action_controller/metal.rb:252:in `dispatch'
actionpack (5.2.0) lib/action_dispatch/routing/route_set.rb:52:in `dispatch'
actionpack (5.2.0) lib/action_dispatch/routing/route_set.rb:34:in `serve'
actionpack (5.2.0) lib/action_dispatch/journey/router.rb:52:in `block in serve'
actionpack (5.2.0) lib/action_dispatch/journey/router.rb:35:in `each'
actionpack (5.2.0) lib/action_dispatch/journey/router.rb:35:in `serve'
actionpack (5.2.0) lib/action_dispatch/routing/route_set.rb:840:in `call'
rack (2.0.5) lib/rack/tempfile_reaper.rb:15:in `call'
rack (2.0.5) lib/rack/etag.rb:25:in `call'
rack (2.0.5) lib/rack/conditional_get.rb:25:in `call'
rack (2.0.5) lib/rack/head.rb:12:in `call'
actionpack (5.2.0) lib/action_dispatch/http/content_security_policy.rb:18:in `call'
rack (2.0.5) lib/rack/session/abstract/id.rb:232:in `context'
rack (2.0.5) lib/rack/session/abstract/id.rb:226:in `call'
actionpack (5.2.0) lib/action_dispatch/middleware/cookies.rb:670:in `call'
activerecord (5.2.0) lib/active_record/migration.rb:559:in `call'
actionpack (5.2.0) lib/action_dispatch/middleware/callbacks.rb:28:in `block in call'
activesupport (5.2.0) lib/active_support/callbacks.rb:98:in `run_callbacks'
actionpack (5.2.0) lib/action_dispatch/middleware/callbacks.rb:26:in `call'
actionpack (5.2.0) lib/action_dispatch/middleware/executor.rb:14:in `call'
actionpack (5.2.0) lib/action_dispatch/middleware/debug_exceptions.rb:61:in `call'
web-console (3.6.2) lib/web_console/middleware.rb:135:in `call_app'
web-console (3.6.2) lib/web_console/middleware.rb:30:in `block in call'
web-console (3.6.2) lib/web_console/middleware.rb:20:in `catch'
web-console (3.6.2) lib/web_console/middleware.rb:20:in `call'
actionpack (5.2.0) lib/action_dispatch/middleware/show_exceptions.rb:33:in `call'
railties (5.2.0) lib/rails/rack/logger.rb:38:in `call_app'
railties (5.2.0) lib/rails/rack/logger.rb:26:in `block in call'
activesupport (5.2.0) lib/active_support/tagged_logging.rb:71:in `block in tagged'
activesupport (5.2.0) lib/active_support/tagged_logging.rb:28:in `tagged'
activesupport (5.2.0) lib/active_support/tagged_logging.rb:71:in `tagged'
railties (5.2.0) lib/rails/rack/logger.rb:26:in `call'
sprockets-rails (3.2.1) lib/sprockets/rails/quiet_assets.rb:13:in `call'
actionpack (5.2.0) lib/action_dispatch/middleware/remote_ip.rb:81:in `call'
actionpack (5.2.0) lib/action_dispatch/middleware/request_id.rb:27:in `call'
rack (2.0.5) lib/rack/method_override.rb:22:in `call'
rack (2.0.5) lib/rack/runtime.rb:22:in `call'
activesupport (5.2.0) lib/active_support/cache/strategy/local_cache_middleware.rb:29:in `call'
actionpack (5.2.0) lib/action_dispatch/middleware/executor.rb:14:in `call'
actionpack (5.2.0) lib/action_dispatch/middleware/static.rb:127:in `call'
rack (2.0.5) lib/rack/sendfile.rb:111:in `call'
railties (5.2.0) lib/rails/engine.rb:524:in `call'
puma (3.11.4) lib/puma/configuration.rb:225:in `call'
puma (3.11.4) lib/puma/server.rb:632:in `handle_request'
puma (3.11.4) lib/puma/server.rb:446:in `process_client'
puma (3.11.4) lib/puma/server.rb:306:in `block in run'
puma (3.11.4) lib/puma/thread_pool.rb:120:in `block in spawn_thread'
Started GET "/" for 127.0.0.1 at 2018-05-29 23:11:52 +0700
Processing by UsersController#index as HTML
  Rendering users/index.html.erb within layouts/application
  Rendered users/index.html.erb within layouts/application (0.9ms)
  [1m[36mUser Load (0.2ms)[0m  [1m[34mSELECT  "users".* FROM "users" WHERE "users"."id" = ? LIMIT ?[0m  [["id", 2], ["LIMIT", 1]]
  ↳ app/controllers/application_controller.rb:4
Completed 200 OK in 31ms (Views: 27.5ms | ActiveRecord: 0.2ms)


Started GET "/users/2" for 127.0.0.1 at 2018-05-29 23:11:54 +0700
Processing by UsersController#show as HTML
  Parameters: {"id"=>"2"}
  [1m[36mUser Load (0.2ms)[0m  [1m[34mSELECT  "users".* FROM "users" WHERE "users"."id" = ? LIMIT ?[0m  [["id", 2], ["LIMIT", 1]]
  ↳ app/controllers/application_controller.rb:4
  Rendering users/show.html.erb within layouts/application
  Rendered users/show.html.erb within layouts/application (0.9ms)
Completed 200 OK in 52ms (Views: 43.8ms | ActiveRecord: 0.2ms)


Started GET "/passwords/new" for 127.0.0.1 at 2018-05-29 23:11:55 +0700
Processing by PasswordsController#new as HTML
Completed 500 Internal Server Error in 5ms (ActiveRecord: 0.0ms)


  
SyntaxError (/Users/nguyentrungtin/Development/ruby/form-object/after/app/forms_object/password_form.rb:39: syntax error, unexpected keyword_end, expecting end-of-input):
  
app/forms_object/password_form.rb:39: syntax error, unexpected keyword_end, expecting end-of-input
app/controllers/passwords_controller.rb:3:in `new'
Started GET "/passwords/new" for 127.0.0.1 at 2018-05-29 23:12:33 +0700
Processing by PasswordsController#new as HTML
Completed 500 Internal Server Error in 14ms (ActiveRecord: 0.0ms)


  
NoMethodError (undefined method `before_update' for PasswordForm:Class):
  
app/forms_object/password_form.rb:11:in `<class:PasswordForm>'
app/forms_object/password_form.rb:1:in `<main>'
app/controllers/passwords_controller.rb:3:in `new'
Started GET "/passwords/new" for 127.0.0.1 at 2018-05-29 23:24:00 +0700
Processing by PasswordsController#new as HTML
  [1m[36mUser Load (0.2ms)[0m  [1m[34mSELECT  "users".* FROM "users" WHERE "users"."id" = ? LIMIT ?[0m  [["id", 2], ["LIMIT", 1]]
  ↳ app/controllers/application_controller.rb:4
  Rendering passwords/new.html.erb within layouts/application
  Rendered passwords/new.html.erb within layouts/application (2.7ms)
Completed 200 OK in 42ms (Views: 22.8ms | ActiveRecord: 0.8ms)


Started GET "/users/2" for 127.0.0.1 at 2018-05-29 23:24:04 +0700
Processing by UsersController#show as HTML
  Parameters: {"id"=>"2"}
  [1m[36mUser Load (0.2ms)[0m  [1m[34mSELECT  "users".* FROM "users" WHERE "users"."id" = ? LIMIT ?[0m  [["id", 2], ["LIMIT", 1]]
  ↳ app/controllers/application_controller.rb:4
  Rendering users/show.html.erb within layouts/application
  Rendered users/show.html.erb within layouts/application (1.0ms)
Completed 200 OK in 49ms (Views: 41.2ms | ActiveRecord: 0.2ms)


Started GET "/passwords/new" for 127.0.0.1 at 2018-05-29 23:24:07 +0700
Processing by PasswordsController#new as HTML
  [1m[36mUser Load (0.2ms)[0m  [1m[34mSELECT  "users".* FROM "users" WHERE "users"."id" = ? LIMIT ?[0m  [["id", 2], ["LIMIT", 1]]
  ↳ app/controllers/application_controller.rb:4
  Rendering passwords/new.html.erb within layouts/application
  Rendered passwords/new.html.erb within layouts/application (6.8ms)
Completed 200 OK in 69ms (Views: 62.0ms | ActiveRecord: 0.2ms)


Started POST "/passwords" for 127.0.0.1 at 2018-05-29 23:24:17 +0700
Processing by PasswordsController#create as HTML
  Parameters: {"utf8"=>"✓", "authenticity_token"=>"FU4EhVnzfHN+5ls0xRBr8etc4CSee8giwF29qTkxuTc5BE9jyUwZYcKwtaqMf/ABIUCPp3rgCfgYWZjTNuFAHw==", "password_form"=>"[FILTERED]", "commit"=>"Change Password"}
Completed 400 Bad Request in 2ms (ActiveRecord: 0.0ms)


  
ActionController::ParameterMissing (param is missing or the value is empty: user):
  
app/controllers/passwords_controller.rb:17:in `password_params'
app/controllers/passwords_controller.rb:7:in `create'
Started POST "/passwords" for 127.0.0.1 at 2018-05-29 23:25:37 +0700
Processing by PasswordsController#create as HTML
  Parameters: {"utf8"=>"✓", "authenticity_token"=>"FU4EhVnzfHN+5ls0xRBr8etc4CSee8giwF29qTkxuTc5BE9jyUwZYcKwtaqMf/ABIUCPp3rgCfgYWZjTNuFAHw==", "password_form"=>"[FILTERED]", "commit"=>"Change Password"}
Completed 500 Internal Server Error in 3ms (ActiveRecord: 0.0ms)


  
NoMethodError (undefined method `submit' for nil:NilClass):
  
app/controllers/passwords_controller.rb:7:in `create'
Started GET "/passwords/new" for 127.0.0.1 at 2018-05-29 23:26:07 +0700
Processing by PasswordsController#new as HTML
  [1m[36mUser Load (0.2ms)[0m  [1m[34mSELECT  "users".* FROM "users" WHERE "users"."id" = ? LIMIT ?[0m  [["id", 2], ["LIMIT", 1]]
  ↳ app/controllers/application_controller.rb:4
  Rendering passwords/new.html.erb within layouts/application
  Rendered passwords/new.html.erb within layouts/application (2.5ms)
Completed 200 OK in 39ms (Views: 23.1ms | ActiveRecord: 1.4ms)


Started POST "/passwords" for 127.0.0.1 at 2018-05-29 23:26:16 +0700
Processing by PasswordsController#create as HTML
  Parameters: {"utf8"=>"✓", "authenticity_token"=>"c+0f+27AtBZmbNI79tJppl7DNpTPrnDkOhuM9RD0mJnRaV3JeL8qC/4o+sOm0AVAGrRWNbXh/iyuMHUWBRvW3A==", "password_form"=>"[FILTERED]", "commit"=>"Change Password"}
Completed 500 Internal Server Error in 5ms (ActiveRecord: 0.0ms)


  
NoMethodError (undefined method `submit?' for nil:NilClass):
  
app/controllers/passwords_controller.rb:7:in `create'
Started POST "/passwords" for 127.0.0.1 at 2018-05-29 23:27:22 +0700
Processing by PasswordsController#create as HTML
  Parameters: {"utf8"=>"✓", "authenticity_token"=>"c+0f+27AtBZmbNI79tJppl7DNpTPrnDkOhuM9RD0mJnRaV3JeL8qC/4o+sOm0AVAGrRWNbXh/iyuMHUWBRvW3A==", "password_form"=>"[FILTERED]", "commit"=>"Change Password"}
  [1m[36mUser Load (0.2ms)[0m  [1m[34mSELECT  "users".* FROM "users" WHERE "users"."id" = ? LIMIT ?[0m  [["id", 2], ["LIMIT", 1]]
  ↳ app/controllers/application_controller.rb:4
Completed 500 Internal Server Error in 16ms (ActiveRecord: 1.5ms)


  
NoMethodError (undefined method `submit?' for #<PasswordForm:0x00007fe64ca4a2b0>
Did you mean?  submit):
  
app/controllers/passwords_controller.rb:8:in `create'
Started POST "/passwords" for 127.0.0.1 at 2018-05-29 23:27:34 +0700
Processing by PasswordsController#create as HTML
  Parameters: {"utf8"=>"✓", "authenticity_token"=>"c+0f+27AtBZmbNI79tJppl7DNpTPrnDkOhuM9RD0mJnRaV3JeL8qC/4o+sOm0AVAGrRWNbXh/iyuMHUWBRvW3A==", "password_form"=>"[FILTERED]", "commit"=>"Change Password"}
  [1m[36mUser Load (0.3ms)[0m  [1m[34mSELECT  "users".* FROM "users" WHERE "users"."id" = ? LIMIT ?[0m  [["id", 2], ["LIMIT", 1]]
  ↳ app/controllers/application_controller.rb:4
Completed 500 Internal Server Error in 32ms (ActiveRecord: 1.2ms)


  
NameError (undefined local variable or method `password' for #<PasswordForm:0x00007fe654038b20>):
  
app/forms_object/password_form.rb:20:in `verify_original_password'
app/forms_object/password_form.rb:30:in `submit?'
app/controllers/passwords_controller.rb:8:in `create'
Started POST "/passwords" for 127.0.0.1 at 2018-05-29 23:28:05 +0700
Processing by PasswordsController#create as HTML
  Parameters: {"utf8"=>"✓", "authenticity_token"=>"c+0f+27AtBZmbNI79tJppl7DNpTPrnDkOhuM9RD0mJnRaV3JeL8qC/4o+sOm0AVAGrRWNbXh/iyuMHUWBRvW3A==", "password_form"=>"[FILTERED]", "commit"=>"Change Password"}
  [1m[36mUser Load (0.2ms)[0m  [1m[34mSELECT  "users".* FROM "users" WHERE "users"."id" = ? LIMIT ?[0m  [["id", 2], ["LIMIT", 1]]
  ↳ app/controllers/application_controller.rb:4
Completed 500 Internal Server Error in 20ms (ActiveRecord: 0.8ms)


  
NameError (undefined local variable or method `user' for #<PasswordForm:0x00007fe653c96b20>
Did you mean?  @user):
  
app/forms_object/password_form.rb:16:in `verify_original_password'
app/forms_object/password_form.rb:26:in `submit?'
app/controllers/passwords_controller.rb:8:in `create'
Started POST "/passwords" for 127.0.0.1 at 2018-05-29 23:28:14 +0700
Processing by PasswordsController#create as HTML
  Parameters: {"utf8"=>"✓", "authenticity_token"=>"c+0f+27AtBZmbNI79tJppl7DNpTPrnDkOhuM9RD0mJnRaV3JeL8qC/4o+sOm0AVAGrRWNbXh/iyuMHUWBRvW3A==", "password_form"=>"[FILTERED]", "commit"=>"Change Password"}
  [1m[36mUser Load (0.3ms)[0m  [1m[34mSELECT  "users".* FROM "users" WHERE "users"."id" = ? LIMIT ?[0m  [["id", 2], ["LIMIT", 1]]
  ↳ app/controllers/application_controller.rb:4
  Rendering passwords/new.html.erb within layouts/application
  Rendered passwords/new.html.erb within layouts/application (3.7ms)
Completed 200 OK in 48ms (Views: 27.9ms | ActiveRecord: 1.1ms)


Started POST "/passwords" for 127.0.0.1 at 2018-05-29 23:28:32 +0700
Processing by PasswordsController#create as HTML
  Parameters: {"utf8"=>"✓", "authenticity_token"=>"66S6ttysnzxOkvb5kXc2lkcOemfGPKzsVXFV5v+TBIJJIPiEytMBIdbW3gHBdVpwA3kaxrxzIiTBWqwF6nxKxw==", "password_form"=>"[FILTERED]", "commit"=>"Change Password"}
  [1m[36mUser Load (0.3ms)[0m  [1m[34mSELECT  "users".* FROM "users" WHERE "users"."id" = ? LIMIT ?[0m  [["id", 2], ["LIMIT", 1]]
  ↳ app/controllers/application_controller.rb:4
  [1m[35m (0.1ms)[0m  [1m[36mbegin transaction[0m
  ↳ app/forms_object/password_form.rb:28
  [1m[35m (0.1ms)[0m  [1m[36mcommit transaction[0m
  ↳ app/forms_object/password_form.rb:28
Redirected to http://localhost:3000/users/2
Completed 302 Found in 8ms (ActiveRecord: 0.5ms)


Started GET "/users/2" for 127.0.0.1 at 2018-05-29 23:28:32 +0700
Processing by UsersController#show as HTML
  Parameters: {"id"=>"2"}
  [1m[36mUser Load (0.7ms)[0m  [1m[34mSELECT  "users".* FROM "users" WHERE "users"."id" = ? LIMIT ?[0m  [["id", 2], ["LIMIT", 1]]
  ↳ app/controllers/application_controller.rb:4
  Rendering users/show.html.erb within layouts/application
  Rendered users/show.html.erb within layouts/application (1.7ms)
Completed 200 OK in 37ms (Views: 28.8ms | ActiveRecord: 0.7ms)


Started GET "/logout" for 127.0.0.1 at 2018-05-29 23:28:44 +0700
Processing by SessionsController#destroy as HTML
Redirected to http://localhost:3000/
Completed 302 Found in 2ms (ActiveRecord: 0.0ms)


Started GET "/" for 127.0.0.1 at 2018-05-29 23:28:45 +0700
Processing by UsersController#index as HTML
  Rendering users/index.html.erb within layouts/application
  Rendered users/index.html.erb within layouts/application (0.3ms)
Completed 200 OK in 26ms (Views: 22.9ms | ActiveRecord: 0.0ms)


Started GET "/signup" for 127.0.0.1 at 2018-05-29 23:29:45 +0700
Processing by UsersController#new as HTML
Completed 500 Internal Server Error in 56ms (ActiveRecord: 0.0ms)


  
ArgumentError (Unknown validator: 'UniquenessValidator'):
  
app/forms_object/signup_form.rb:5:in `<class:SignupForm>'
app/forms_object/signup_form.rb:1:in `<main>'
app/controllers/users_controller.rb:3:in `new'
Started GET "/signup" for 127.0.0.1 at 2018-05-29 23:31:36 +0700
Processing by UsersController#new as HTML
Completed 500 Internal Server Error in 21ms (ActiveRecord: 0.0ms)


  
NoMethodError (undefined method `validates_uniqueness_of' for SignupForm:Class
Did you mean?  validates_size_of):
  
app/forms_object/signup_form.rb:5:in `<class:SignupForm>'
app/forms_object/signup_form.rb:1:in `<main>'
app/controllers/users_controller.rb:3:in `new'
Started GET "/signup" for 127.0.0.1 at 2018-05-29 23:32:14 +0700
Processing by UsersController#new as HTML
Completed 500 Internal Server Error in 15ms (ActiveRecord: 0.0ms)


  
NoMethodError (undefined method `validates_uniqueness_of' for SignupForm:Class
Did you mean?  validates_size_of):
  
app/forms_object/signup_form.rb:6:in `<class:SignupForm>'
app/forms_object/signup_form.rb:1:in `<main>'
app/controllers/users_controller.rb:3:in `new'
Started GET "/signup" for 127.0.0.1 at 2018-05-29 23:36:45 +0700
Processing by UsersController#new as HTML
  Rendering users/new.html.erb within layouts/application
  Rendered users/new.html.erb within layouts/application (4.3ms)
Completed 500 Internal Server Error in 25ms (ActiveRecord: 0.8ms)


  
ActionView::Template::Error (First argument in form cannot contain nil or be empty):
    1: <h1>Sign Up</h1>
    2: 
    3: <%= form_for @user do |f| %>
    4:   <% if @user.errors.any? %>
    5:     <div class="error_messages">
    6:       <h2>Form is invalid</h2>
  
app/views/users/new.html.erb:3:in `_app_views_users_new_html_erb__3014786970006321110_70313555014360'
Started GET "/signup" for 127.0.0.1 at 2018-05-29 23:38:39 +0700
Processing by UsersController#new as HTML
  Rendering users/new.html.erb within layouts/application
  Rendered users/new.html.erb within layouts/application (169.5ms)
Completed 500 Internal Server Error in 183ms (ActiveRecord: 0.0ms)


  
ActionView::Template::Error (undefined method `signup_forms_path' for #<#<Class:0x00007fe6531c36f8>:0x00007fe6531c1cb8>
Did you mean?  signup_path):
    1: <h1>Sign Up</h1>
    2: 
    3: <%= form_for @signupForm do |f| %>
    4:   <% if @signupForm.errors.any? %>
    5:     <div class="error_messages">
    6:       <h2>Form is invalid</h2>
  
app/views/users/new.html.erb:3:in `_app_views_users_new_html_erb__3014786970006321110_70313610215440'
Started GET "/signup" for 127.0.0.1 at 2018-05-29 23:40:14 +0700
Processing by UsersController#new as HTML
  Rendering users/new.html.erb within layouts/application
  Rendered users/new.html.erb within layouts/application (0.9ms)
Completed 500 Internal Server Error in 12ms (ActiveRecord: 0.0ms)


  
SyntaxError (/Users/nguyentrungtin/Development/ruby/form-object/after/app/views/users/new.html.erb:3: syntax error, unexpected tIDENTIFIER, expecting keyword_end
...pend=  form_for @signupForm url: users_path do |f| @output_b...
...                               ^):
  
app/views/users/new.html.erb:3: syntax error, unexpected tIDENTIFIER, expecting keyword_end
Started GET "/signup" for 127.0.0.1 at 2018-05-29 23:41:10 +0700
Processing by UsersController#new as HTML
  Rendering users/new.html.erb within layouts/application
  Rendered users/new.html.erb within layouts/application (12.4ms)
Completed 500 Internal Server Error in 37ms (ActiveRecord: 0.0ms)


  
ActionView::Template::Error (undefined method `username' for #<SignupForm:0x00007fe653bbc7b8>):
    14: 
    15:   <div class="field">
    16:     <%= f.label :username %><br />
    17:     <%= f.text_field :username %>
    18:   </div>
    19:   <div class="field">
    20:     <%= f.label :email %><br />
  
app/views/users/new.html.erb:17:in `block in _app_views_users_new_html_erb__3014786970006321110_70313611999820'
app/views/users/new.html.erb:3:in `_app_views_users_new_html_erb__3014786970006321110_70313611999820'
Started GET "/signup" for 127.0.0.1 at 2018-05-29 23:42:13 +0700
Processing by UsersController#new as HTML
  Rendering users/new.html.erb within layouts/application
  Rendered users/new.html.erb within layouts/application (9.2ms)
Completed 500 Internal Server Error in 24ms (ActiveRecord: 0.0ms)


  
ActionView::Template::Error (undefined method `username' for #<SignupForm:0x00007fe64edd2890>):
    14: 
    15:   <div class="field">
    16:     <%= f.label :username %><br />
    17:     <%= f.text_field :username %>
    18:   </div>
    19:   <div class="field">
    20:     <%= f.label :email %><br />
  
app/views/users/new.html.erb:17:in `block in _app_views_users_new_html_erb__3014786970006321110_70313552206300'
app/views/users/new.html.erb:3:in `_app_views_users_new_html_erb__3014786970006321110_70313552206300'
Started GET "/signup" for 127.0.0.1 at 2018-05-29 23:47:28 +0700
Processing by UsersController#new as HTML
  Rendering users/new.html.erb within layouts/application
  Rendered users/new.html.erb within layouts/application (214.5ms)
Completed 500 Internal Server Error in 235ms (ActiveRecord: 0.0ms)


  
ActionView::Template::Error (undefined method `signup_forms_path' for #<#<Class:0x00007fe654120d08>:0x00007fe64ded32b8>
Did you mean?  signup_path):
    1: <h1>Sign Up</h1>
    2: 
    3: <%= form_for @signupForm do |f| %>
    4:   <% if @signupForm.errors.any? %>
    5:     <div class="error_messages">
    6:       <h2>Form is invalid</h2>
  
app/views/users/new.html.erb:3:in `_app_views_users_new_html_erb__3014786970006321110_70313614838480'
Started GET "/signup" for 127.0.0.1 at 2018-05-29 23:47:49 +0700
Processing by UsersController#new as HTML
  Rendering users/new.html.erb within layouts/application
  Rendered users/new.html.erb within layouts/application (8.3ms)
Completed 500 Internal Server Error in 18ms (ActiveRecord: 0.0ms)


  
ActionView::Template::Error (undefined local variable or method `user' for #<SignupForm:0x00007fe654012268>):
    14: 
    15:   <div class="field">
    16:     <%= f.label :username %><br />
    17:     <%= f.text_field :username %>
    18:   </div>
    19:   <div class="field">
    20:     <%= f.label :email %><br />
  
app/forms_object/signup_form.rb:9:in `username'
app/views/users/new.html.erb:17:in `block in _app_views_users_new_html_erb__3014786970006321110_70313614279960'
app/views/users/new.html.erb:3:in `_app_views_users_new_html_erb__3014786970006321110_70313614279960'
Started GET "/signup" for 127.0.0.1 at 2018-05-29 23:49:06 +0700
Processing by UsersController#new as HTML
  Rendering users/new.html.erb within layouts/application
  Rendered users/new.html.erb within layouts/application (6.5ms)
Completed 500 Internal Server Error in 29ms (ActiveRecord: 0.7ms)


  
ActionView::Template::Error (undefined local variable or method `user' for #<SignupForm:0x00007fe64babc0f0>
Did you mean?  @user):
    14: 
    15:   <div class="field">
    16:     <%= f.label :username %><br />
    17:     <%= f.text_field :username %>
    18:   </div>
    19:   <div class="field">
    20:     <%= f.label :email %><br />
  
app/forms_object/signup_form.rb:9:in `username'
app/views/users/new.html.erb:17:in `block in _app_views_users_new_html_erb__3014786970006321110_70313539819820'
app/views/users/new.html.erb:3:in `_app_views_users_new_html_erb__3014786970006321110_70313539819820'
Started GET "/signup" for 127.0.0.1 at 2018-05-29 23:49:20 +0700
Processing by UsersController#new as HTML
Completed 500 Internal Server Error in 3ms (ActiveRecord: 0.0ms)


  
ArgumentError (Delegation needs a target. Supply an options hash with a :to key as the last argument (e.g. delegate :hello, to: :greeter).):
  
app/forms_object/signup_form.rb:9:in `<class:SignupForm>'
app/forms_object/signup_form.rb:1:in `<main>'
app/controllers/users_controller.rb:3:in `new'
Started GET "/signup" for 127.0.0.1 at 2018-05-29 23:49:32 +0700
Processing by UsersController#new as HTML
  Rendering users/new.html.erb within layouts/application
  Rendered users/new.html.erb within layouts/application (6.8ms)
Completed 500 Internal Server Error in 35ms (ActiveRecord: 1.6ms)


  
ActionView::Template::Error (undefined local variable or method `user' for #<SignupForm:0x00007fe654281ff8>
Did you mean?  @user):
    14: 
    15:   <div class="field">
    16:     <%= f.label :username %><br />
    17:     <%= f.text_field :username %>
    18:   </div>
    19:   <div class="field">
    20:     <%= f.label :email %><br />
  
app/forms_object/signup_form.rb:9:in `username'
app/views/users/new.html.erb:17:in `block in _app_views_users_new_html_erb__3014786970006321110_70313615374280'
app/views/users/new.html.erb:3:in `_app_views_users_new_html_erb__3014786970006321110_70313615374280'
Started GET "/signup" for 127.0.0.1 at 2018-05-29 23:49:42 +0700
Processing by UsersController#new as HTML
  Rendering users/new.html.erb within layouts/application
  Rendered users/new.html.erb within layouts/application (3.1ms)
Completed 200 OK in 48ms (Views: 30.2ms | ActiveRecord: 1.0ms)


Started POST "/users" for 127.0.0.1 at 2018-05-29 23:50:37 +0700
Processing by UsersController#create as HTML
  Parameters: {"utf8"=>"✓", "authenticity_token"=>"T8WSRG1qqL0sYmRnak32J9G0WaplUHLbVLrZw/61LkntQdB2exU2oLQmTJ86T5rBlcM5Cx8f/BPAkSAg61pgDA==", "signup_form"=>{"username"=>"admin", "email"=>"admin@example.com", "password"=>"[FILTERED]"}, "commit"=>"Sign Up"}
Completed 400 Bad Request in 2ms (ActiveRecord: 0.0ms)


  
ActionController::ParameterMissing (param is missing or the value is empty: user):
  
app/controllers/users_controller.rb:23:in `user_params'
app/controllers/users_controller.rb:8:in `create'
Started POST "/users" for 127.0.0.1 at 2018-05-29 23:51:07 +0700
Processing by UsersController#create as HTML
  Parameters: {"utf8"=>"✓", "authenticity_token"=>"T8WSRG1qqL0sYmRnak32J9G0WaplUHLbVLrZw/61LkntQdB2exU2oLQmTJ86T5rBlcM5Cx8f/BPAkSAg61pgDA==", "signup_form"=>{"username"=>"admin", "email"=>"admin@example.com", "password"=>"[FILTERED]"}, "commit"=>"Sign Up"}
Completed 500 Internal Server Error in 56974ms (ActiveRecord: 0.8ms)


  
SystemExit (exit):
  
(byebug):1:in `exit'
(byebug):1:in `submit?'
app/forms_object/signup_form.rb:17:in `submit?'
app/controllers/users_controller.rb:8:in `create'
Started POST "/users" for 127.0.0.1 at 2018-05-29 23:53:30 +0700
  [1m[35m (1.5ms)[0m  [1m[34mSELECT "schema_migrations"."version" FROM "schema_migrations" ORDER BY "schema_migrations"."version" ASC[0m
  ↳ /Users/nguyentrungtin/.rvm/gems/ruby-2.3.7/gems/activerecord-5.2.0/lib/active_record/log_subscriber.rb:98
Processing by UsersController#create as HTML
  Parameters: {"utf8"=>"✓", "authenticity_token"=>"T8WSRG1qqL0sYmRnak32J9G0WaplUHLbVLrZw/61LkntQdB2exU2oLQmTJ86T5rBlcM5Cx8f/BPAkSAg61pgDA==", "signup_form"=>{"username"=>"admin", "email"=>"admin@example.com", "password"=>"[FILTERED]"}, "commit"=>"Sign Up"}
  [1m[36mUser Exists (0.3ms)[0m  [1m[34mSELECT  1 AS one FROM "users" WHERE "users"."username" = ? LIMIT ?[0m  [["username", "admin"], ["LIMIT", 1]]
  ↳ app/forms_object/signup_form.rb:27
  Rendering users/new.html.erb within layouts/application
  Rendered users/new.html.erb within layouts/application (25.2ms)
Completed 200 OK in 347ms (Views: 311.6ms | ActiveRecord: 2.0ms)


Started POST "/users" for 127.0.0.1 at 2018-05-29 23:53:41 +0700
Processing by UsersController#create as HTML
  Parameters: {"utf8"=>"✓", "authenticity_token"=>"Tylb3him0JYZmTPjaN5USnz6ou783QpEZnMePQGL06PtrRnsDtlOi4HdGxs43DisOI3CT4aShIzyWOfeFGSd5g==", "signup_form"=>{"username"=>"admin1", "email"=>"admin@example.com", "password"=>"[FILTERED]"}, "commit"=>"Sign Up"}
  [1m[36mUser Exists (0.3ms)[0m  [1m[34mSELECT  1 AS one FROM "users" WHERE "users"."username" = ? LIMIT ?[0m  [["username", "admin1"], ["LIMIT", 1]]
  ↳ app/forms_object/signup_form.rb:27
  [1m[35m (0.2ms)[0m  [1m[36mbegin transaction[0m
  ↳ app/forms_object/signup_form.rb:19
  [1m[36mUser Create (0.8ms)[0m  [1m[32mINSERT INTO "users" ("email", "password", "username", "created_at", "updated_at") VALUES (?, ?, ?, ?, ?)[0m  [["email", "admin@example.com"], ["password", "fd"], ["username", "admin1"], ["created_at", "2018-05-29 16:53:41.471100"], ["updated_at", "2018-05-29 16:53:41.471100"]]
  ↳ app/forms_object/signup_form.rb:19
  [1m[35m (2.2ms)[0m  [1m[36mcommit transaction[0m
  ↳ app/forms_object/signup_form.rb:19
Completed 500 Internal Server Error in 13ms (ActiveRecord: 3.6ms)


  
NoMethodError (undefined method `id' for nil:NilClass):
  
app/controllers/users_controller.rb:9:in `create'
Started POST "/users" for 127.0.0.1 at 2018-05-29 23:55:09 +0700
Processing by UsersController#create as HTML
  Parameters: {"utf8"=>"✓", "authenticity_token"=>"Tylb3him0JYZmTPjaN5USnz6ou783QpEZnMePQGL06PtrRnsDtlOi4HdGxs43DisOI3CT4aShIzyWOfeFGSd5g==", "signup_form"=>{"username"=>"admin1", "email"=>"admin@example.com", "password"=>"[FILTERED]"}, "commit"=>"Sign Up"}
  [1m[36mUser Exists (0.2ms)[0m  [1m[34mSELECT  1 AS one FROM "users" WHERE "users"."username" = ? LIMIT ?[0m  [["username", "admin1"], ["LIMIT", 1]]
  ↳ app/forms_object/signup_form.rb:28
  Rendering users/new.html.erb within layouts/application
  Rendered users/new.html.erb within layouts/application (7.9ms)
Completed 200 OK in 117ms (Views: 58.5ms | ActiveRecord: 3.1ms)


Started GET "/" for 127.0.0.1 at 2018-05-29 23:55:28 +0700
Processing by UsersController#index as HTML
  Rendering users/index.html.erb within layouts/application
  Rendered users/index.html.erb within layouts/application (0.8ms)
Completed 200 OK in 39ms (Views: 35.5ms | ActiveRecord: 0.0ms)


Started GET "/login" for 127.0.0.1 at 2018-05-29 23:55:30 +0700
Processing by SessionsController#new as HTML
  Rendering sessions/new.html.erb within layouts/application
  Rendered sessions/new.html.erb within layouts/application (3.3ms)
Completed 200 OK in 92ms (Views: 83.2ms | ActiveRecord: 0.0ms)


Started POST "/sessions" for 127.0.0.1 at 2018-05-29 23:55:36 +0700
Processing by SessionsController#create as HTML
  Parameters: {"utf8"=>"✓", "authenticity_token"=>"ZJRErrR8RPEbJrMEcY2Y62GKOj2yoIaqZUyCV720YejI0HRcwbdn+BsBECoorjsoGcTE1oLpdNQF1CHEu7x8UQ==", "email"=>"admin1", "password"=>"[FILTERED]", "commit"=>"Log In"}
  [1m[36mUser Load (0.3ms)[0m  [1m[34mSELECT  "users".* FROM "users" WHERE "users"."email" = ? LIMIT ?[0m  [["email", "admin1"], ["LIMIT", 1]]
  ↳ app/controllers/sessions_controller.rb:6
  Rendering sessions/new.html.erb within layouts/application
  Rendered sessions/new.html.erb within layouts/application (1.6ms)
Completed 200 OK in 51ms (Views: 46.9ms | ActiveRecord: 0.3ms)


Started POST "/sessions" for 127.0.0.1 at 2018-05-29 23:55:39 +0700
Processing by SessionsController#create as HTML
  Parameters: {"utf8"=>"✓", "authenticity_token"=>"Nsh3ddCFxVx1DwIPasi9Ft+yMV7OIG0k3fM+uu9ecNWUTDVHxvpbQe1LKvc6ytHwm8VR/7Rv4+xJ2MdZ+rE+kA==", "email"=>"admin1", "password"=>"[FILTERED]", "commit"=>"Log In"}
  [1m[36mUser Load (0.2ms)[0m  [1m[34mSELECT  "users".* FROM "users" WHERE "users"."email" = ? LIMIT ?[0m  [["email", "admin1"], ["LIMIT", 1]]
  ↳ app/controllers/sessions_controller.rb:6
  Rendering sessions/new.html.erb within layouts/application
  Rendered sessions/new.html.erb within layouts/application (1.7ms)
Completed 200 OK in 54ms (Views: 51.4ms | ActiveRecord: 0.2ms)


Started POST "/sessions" for 127.0.0.1 at 2018-05-29 23:55:41 +0700
Processing by SessionsController#create as HTML
  Parameters: {"utf8"=>"✓", "authenticity_token"=>"kajX46YN1eA3YzMUKo6+1aCXjKWa9Kr0SbFWBP0K7QUzLJXRsHJL/a8nG+x6jNIz5ODsBOC7JDzdmq/n6OWjQA==", "email"=>"admin1", "password"=>"[FILTERED]", "commit"=>"Log In"}
  [1m[36mUser Load (0.3ms)[0m  [1m[34mSELECT  "users".* FROM "users" WHERE "users"."email" = ? LIMIT ?[0m  [["email", "admin1"], ["LIMIT", 1]]
  ↳ app/controllers/sessions_controller.rb:6
  Rendering sessions/new.html.erb within layouts/application
  Rendered sessions/new.html.erb within layouts/application (2.0ms)
Completed 200 OK in 46ms (Views: 42.5ms | ActiveRecord: 0.3ms)


Started POST "/sessions" for 127.0.0.1 at 2018-05-29 23:55:44 +0700
Processing by SessionsController#create as HTML
  Parameters: {"utf8"=>"✓", "authenticity_token"=>"H3KCAWESPTGDbBSZCXdpMJ6i5FaNZU28U6Od1ON1BZO99sAzd22jLBsoPGFZdQXW2tWE9/cqw3THiGQ39ppL1g==", "email"=>"admin1", "password"=>"[FILTERED]", "commit"=>"Log In"}
  [1m[36mUser Load (0.3ms)[0m  [1m[34mSELECT  "users".* FROM "users" WHERE "users"."email" = ? LIMIT ?[0m  [["email", "admin1"], ["LIMIT", 1]]
  ↳ app/controllers/sessions_controller.rb:6
  Rendering sessions/new.html.erb within layouts/application
  Rendered sessions/new.html.erb within layouts/application (2.2ms)
Completed 200 OK in 46ms (Views: 42.5ms | ActiveRecord: 0.3ms)


Started GET "/signup" for 127.0.0.1 at 2018-05-29 23:55:46 +0700
Processing by UsersController#new as HTML
  Rendering users/new.html.erb within layouts/application
  Rendered users/new.html.erb within layouts/application (5.4ms)
Completed 200 OK in 73ms (Views: 68.0ms | ActiveRecord: 0.0ms)


Started POST "/users" for 127.0.0.1 at 2018-05-29 23:56:02 +0700
Processing by UsersController#create as HTML
  Parameters: {"utf8"=>"✓", "authenticity_token"=>"ZpldohYI7oQbBACn9jBsfcFxAcbFYRb1Zla57EoxJ2P5W9zAYVr1WTReHS44GyS84wcBL0yVKM/ZID6p20/hxA==", "signup_form"=>{"username"=>"admin1", "email"=>"admin1@example.com", "password"=>"[FILTERED]"}, "commit"=>"Sign Up"}
  [1m[36mUser Exists (0.4ms)[0m  [1m[34mSELECT  1 AS one FROM "users" WHERE "users"."username" = ? LIMIT ?[0m  [["username", "admin1"], ["LIMIT", 1]]
  ↳ app/forms_object/signup_form.rb:28
  Rendering users/new.html.erb within layouts/application
  Rendered users/new.html.erb within layouts/application (2.6ms)
Completed 200 OK in 50ms (Views: 45.8ms | ActiveRecord: 0.4ms)


Started GET "/users" for 127.0.0.1 at 2018-05-29 23:57:15 +0700
Processing by UsersController#index as HTML
  Rendering users/index.html.erb within layouts/application
  Rendered users/index.html.erb within layouts/application (0.6ms)
Completed 200 OK in 27ms (Views: 23.5ms | ActiveRecord: 0.0ms)


Started GET "/login" for 127.0.0.1 at 2018-05-29 23:57:16 +0700
Processing by SessionsController#new as HTML
  Rendering sessions/new.html.erb within layouts/application
  Rendered sessions/new.html.erb within layouts/application (2.7ms)
Completed 200 OK in 50ms (Views: 42.3ms | ActiveRecord: 0.0ms)


Started GET "/signup" for 127.0.0.1 at 2018-05-29 23:57:17 +0700
Processing by UsersController#new as HTML
  Rendering users/new.html.erb within layouts/application
  Rendered users/new.html.erb within layouts/application (4.1ms)
Completed 200 OK in 65ms (Views: 31.0ms | ActiveRecord: 1.2ms)


Started POST "/users" for 127.0.0.1 at 2018-05-29 23:57:26 +0700
Processing by UsersController#create as HTML
  Parameters: {"utf8"=>"✓", "authenticity_token"=>"xIu8hxi+LvgDU+GSx1ayfsFhknj59KFFd9UozlbB7qVbST3lb+w1JSwJ/BsJffq/4xeSkXAAn3/Io6+Lx78oAg==", "signup_form"=>{"username"=>"admin", "email"=>"admin@example.com", "password"=>"[FILTERED]"}, "commit"=>"Sign Up"}
  [1m[36mUser Load (2.5ms)[0m  [1m[34mSELECT  "users".* FROM "users" LIMIT ?[0m  [["LIMIT", 11]]
  [1m[36mUser Exists (0.6ms)[0m  [1m[34mSELECT  1 AS one FROM "users" WHERE "users"."username" = ? LIMIT ?[0m  [["username", "admin"], ["LIMIT", 1]]
  ↳ app/forms_object/signup_form.rb:29
  Rendering users/new.html.erb within layouts/application
  Rendered users/new.html.erb within layouts/application (5.9ms)
Completed 200 OK in 121564ms (Views: 38.4ms | ActiveRecord: 0.6ms)


Started POST "/users" for 127.0.0.1 at 2018-05-29 23:59:35 +0700
Processing by UsersController#create as HTML
  Parameters: {"utf8"=>"✓", "authenticity_token"=>"10MpMvPNDec4zIMKzl77wFRp0I61HSkDp3zzMyAW9rl1x2sA5bKT+qCIq/KeXJcmEB6wL89Sp8szVwrQNfm4/A==", "signup_form"=>{"username"=>"admin2", "email"=>"admin@example.com", "password"=>"[FILTERED]"}, "commit"=>"Sign Up"}
  [1m[36mUser Exists (0.9ms)[0m  [1m[34mSELECT  1 AS one FROM "users" WHERE "users"."username" = ? LIMIT ?[0m  [["username", "admin2"], ["LIMIT", 1]]
  ↳ app/forms_object/signup_form.rb:29
  [1m[35m (0.1ms)[0m  [1m[36mbegin transaction[0m
  ↳ app/forms_object/signup_form.rb:19
  [1m[36mUser Create (0.8ms)[0m  [1m[32mINSERT INTO "users" ("email", "password", "username", "created_at", "updated_at") VALUES (?, ?, ?, ?, ?)[0m  [["email", "admin@example.com"], ["password", "12"], ["username", "admin2"], ["created_at", "2018-05-29 16:59:53.060985"], ["updated_at", "2018-05-29 16:59:53.060985"]]
  ↳ app/forms_object/signup_form.rb:19
  [1m[35m (2.3ms)[0m  [1m[36mcommit transaction[0m
  ↳ app/forms_object/signup_form.rb:19
Completed 500 Internal Server Error in 17612ms (ActiveRecord: 4.1ms)


  
NameError (undefined local variable or method `session' for #<SignupForm:0x00007f9b9b360f40>):
  
app/forms_object/signup_form.rb:20:in `submit?'
app/controllers/users_controller.rb:8:in `create'
Started POST "/users" for 127.0.0.1 at 2018-05-30 00:01:19 +0700
Processing by UsersController#create as HTML
  Parameters: {"utf8"=>"✓", "authenticity_token"=>"10MpMvPNDec4zIMKzl77wFRp0I61HSkDp3zzMyAW9rl1x2sA5bKT+qCIq/KeXJcmEB6wL89Sp8szVwrQNfm4/A==", "signup_form"=>{"username"=>"admin2", "email"=>"admin@example.com", "password"=>"[FILTERED]"}, "commit"=>"Sign Up"}
  [1m[36mUser Exists (0.2ms)[0m  [1m[34mSELECT  1 AS one FROM "users" WHERE "users"."username" = ? LIMIT ?[0m  [["username", "admin2"], ["LIMIT", 1]]
  ↳ app/forms_object/signup_form.rb:31
  Rendering users/new.html.erb within layouts/application
  Rendered users/new.html.erb within layouts/application (6.2ms)
Completed 200 OK in 66ms (Views: 42.1ms | ActiveRecord: 1.6ms)


  [1m[36mUser Load (0.3ms)[0m  [1m[34mSELECT  "users".* FROM "users" LIMIT ?[0m  [["LIMIT", 11]]
  [1m[36mUser Load (0.4ms)[0m  [1m[34mSELECT  "users".* FROM "users" ORDER BY "users"."id" DESC LIMIT ?[0m  [["LIMIT", 1]]
  [1m[36mUser Load (0.2ms)[0m  [1m[34mSELECT  "users".* FROM "users" ORDER BY "users"."id" DESC LIMIT ?[0m  [["LIMIT", 1]]
  [1m[35m (0.2ms)[0m  [1m[36mbegin transaction[0m
  [1m[36mUser Destroy (0.5ms)[0m  [1m[31mDELETE FROM "users" WHERE "users"."id" = ?[0m  [["id", 4]]
  [1m[35m (2.5ms)[0m  [1m[36mcommit transaction[0m
  [1m[36mUser Load (0.3ms)[0m  [1m[34mSELECT  "users".* FROM "users" ORDER BY "users"."id" DESC LIMIT ?[0m  [["LIMIT", 1]]
  [1m[36mUser Load (0.2ms)[0m  [1m[34mSELECT  "users".* FROM "users" ORDER BY "users"."id" DESC LIMIT ?[0m  [["LIMIT", 1]]
  [1m[35m (0.1ms)[0m  [1m[36mbegin transaction[0m
  [1m[36mUser Destroy (0.6ms)[0m  [1m[31mDELETE FROM "users" WHERE "users"."id" = ?[0m  [["id", 3]]
  [1m[35m (2.2ms)[0m  [1m[36mcommit transaction[0m
Started POST "/users" for 127.0.0.1 at 2018-05-30 00:01:59 +0700
Processing by UsersController#create as HTML
  Parameters: {"utf8"=>"✓", "authenticity_token"=>"FP3UkGqTpMvgBzD/VGZuJFsY4IhQCkYFft06PzqSOLW2eZaifOw61nhDGAcEZALCH2+AKSpFyM3q9sPcL3128A==", "signup_form"=>{"username"=>"admin2", "email"=>"admin@example.com", "password"=>"[FILTERED]"}, "commit"=>"Sign Up"}
  [1m[36mUser Exists (0.5ms)[0m  [1m[34mSELECT  1 AS one FROM "users" WHERE "users"."username" = ? LIMIT ?[0m  [["username", "admin2"], ["LIMIT", 1]]
  ↳ app/forms_object/signup_form.rb:31
  [1m[35m (0.1ms)[0m  [1m[36mbegin transaction[0m
  ↳ app/forms_object/signup_form.rb:23
  [1m[36mUser Create (0.6ms)[0m  [1m[32mINSERT INTO "users" ("email", "password", "username", "created_at", "updated_at") VALUES (?, ?, ?, ?, ?)[0m  [["email", "admin@example.com"], ["password", "12"], ["username", "admin2"], ["created_at", "2018-05-29 17:01:59.585320"], ["updated_at", "2018-05-29 17:01:59.585320"]]
  ↳ app/forms_object/signup_form.rb:23
  [1m[35m (1.8ms)[0m  [1m[36mcommit transaction[0m
  ↳ app/forms_object/signup_form.rb:23
Redirected to 
Completed 500 Internal Server Error in 11ms (ActiveRecord: 3.0ms)


  
ActionController::ActionControllerError (Cannot redirect to nil!):
  
app/controllers/users_controller.rb:10:in `create'
Started POST "/users" for 127.0.0.1 at 2018-05-30 00:04:06 +0700
Processing by UsersController#create as HTML
  Parameters: {"utf8"=>"✓", "authenticity_token"=>"FP3UkGqTpMvgBzD/VGZuJFsY4IhQCkYFft06PzqSOLW2eZaifOw61nhDGAcEZALCH2+AKSpFyM3q9sPcL3128A==", "signup_form"=>{"username"=>"admin2", "email"=>"admin@example.com", "password"=>"[FILTERED]"}, "commit"=>"Sign Up"}
  [1m[36mUser Exists (0.3ms)[0m  [1m[34mSELECT  1 AS one FROM "users" WHERE "users"."username" = ? LIMIT ?[0m  [["username", "admin2"], ["LIMIT", 1]]
  ↳ app/forms_object/signup_form.rb:31
  Rendering users/new.html.erb within layouts/application
  Rendered users/new.html.erb within layouts/application (5.4ms)
Completed 200 OK in 91ms (Views: 55.9ms | ActiveRecord: 1.9ms)


  [1m[36mUser Load (0.3ms)[0m  [1m[34mSELECT  "users".* FROM "users" LIMIT ?[0m  [["LIMIT", 11]]
  [1m[36mUser Load (0.2ms)[0m  [1m[34mSELECT  "users".* FROM "users" ORDER BY "users"."id" DESC LIMIT ?[0m  [["LIMIT", 1]]
  [1m[35m (0.2ms)[0m  [1m[36mbegin transaction[0m
  [1m[36mUser Destroy (0.8ms)[0m  [1m[31mDELETE FROM "users" WHERE "users"."id" = ?[0m  [["id", 5]]
  [1m[35m (2.3ms)[0m  [1m[36mcommit transaction[0m
Started POST "/users" for 127.0.0.1 at 2018-05-30 00:04:21 +0700
Processing by UsersController#create as HTML
  Parameters: {"utf8"=>"✓", "authenticity_token"=>"8ucP6E5kNGuh1spEKkxluE8EKOQLmp5ai7QRrh7fvFBQY03aWBuqdjmS4rx6TgleC3NIRXHVEJIfn+hNCzDyFQ==", "signup_form"=>{"username"=>"admin2", "email"=>"admin@example.com", "password"=>"[FILTERED]"}, "commit"=>"Sign Up"}
  [1m[36mUser Exists (0.5ms)[0m  [1m[34mSELECT  1 AS one FROM "users" WHERE "users"."username" = ? LIMIT ?[0m  [["username", "admin2"], ["LIMIT", 1]]
  ↳ app/forms_object/signup_form.rb:31
  Rendering users/new.html.erb within layouts/application
  Rendered users/new.html.erb within layouts/application (6.1ms)
Completed 200 OK in 47ms (Views: 40.4ms | ActiveRecord: 0.5ms)


Started POST "/users" for 127.0.0.1 at 2018-05-30 00:04:25 +0700
Processing by UsersController#create as HTML
  Parameters: {"utf8"=>"✓", "authenticity_token"=>"lZMhmjSt8l+9V/huUZ7IGk54AjWaz/go4IP6InIZQWU3F2OoItJsQiUT0JYBnKT8Cg9ilOCAduB0qAPBZ/YPIA==", "signup_form"=>{"username"=>"admin2", "email"=>"admin@example.com", "password"=>"[FILTERED]"}, "commit"=>"Sign Up"}
  [1m[36mUser Exists (0.2ms)[0m  [1m[34mSELECT  1 AS one FROM "users" WHERE "users"."username" = ? LIMIT ?[0m  [["username", "admin2"], ["LIMIT", 1]]
  ↳ app/forms_object/signup_form.rb:31
  [1m[35m (0.1ms)[0m  [1m[36mbegin transaction[0m
  ↳ app/forms_object/signup_form.rb:23
  [1m[36mUser Create (0.5ms)[0m  [1m[32mINSERT INTO "users" ("email", "password", "username", "created_at", "updated_at") VALUES (?, ?, ?, ?, ?)[0m  [["email", "admin@example.com"], ["password", "123123"], ["username", "admin2"], ["created_at", "2018-05-29 17:04:25.808618"], ["updated_at", "2018-05-29 17:04:25.808618"]]
  ↳ app/forms_object/signup_form.rb:23
  [1m[35m (2.3ms)[0m  [1m[36mcommit transaction[0m
  ↳ app/forms_object/signup_form.rb:23
Redirected to http://localhost:3000/users/6
Completed 302 Found in 11ms (ActiveRecord: 3.1ms)


Started GET "/users/6" for 127.0.0.1 at 2018-05-30 00:04:25 +0700
Processing by UsersController#show as HTML
  Parameters: {"id"=>"6"}
  [1m[36mUser Load (0.2ms)[0m  [1m[34mSELECT  "users".* FROM "users" WHERE "users"."id" = ? LIMIT ?[0m  [["id", 6], ["LIMIT", 1]]
  ↳ app/controllers/application_controller.rb:4
  Rendering users/show.html.erb within layouts/application
  Rendered users/show.html.erb within layouts/application (0.6ms)
Completed 200 OK in 32ms (Views: 22.7ms | ActiveRecord: 0.2ms)


Started GET "/passwords/new" for 127.0.0.1 at 2018-05-30 00:04:27 +0700
Processing by PasswordsController#new as HTML
  [1m[36mUser Load (0.3ms)[0m  [1m[34mSELECT  "users".* FROM "users" WHERE "users"."id" = ? LIMIT ?[0m  [["id", 6], ["LIMIT", 1]]
  ↳ app/controllers/application_controller.rb:4
  Rendering passwords/new.html.erb within layouts/application
  Rendered passwords/new.html.erb within layouts/application (6.0ms)
Completed 200 OK in 70ms (Views: 35.5ms | ActiveRecord: 0.3ms)


Started POST "/passwords" for 127.0.0.1 at 2018-05-30 00:04:34 +0700
Processing by PasswordsController#create as HTML
  Parameters: {"utf8"=>"✓", "authenticity_token"=>"OWAJt+0ZPC6k+LVGK1BJ/ZS31tqrXtgqRbFm6CzMni4VKkJRfaZZPBiuW9hiP9INXqu5WU/FGfCdtUOSIxxnBg==", "password_form"=>"[FILTERED]", "commit"=>"Change Password"}
  [1m[36mUser Load (0.5ms)[0m  [1m[34mSELECT  "users".* FROM "users" WHERE "users"."id" = ? LIMIT ?[0m  [["id", 6], ["LIMIT", 1]]
  ↳ app/controllers/application_controller.rb:4
  [1m[35m (0.1ms)[0m  [1m[36mbegin transaction[0m
  ↳ app/forms_object/password_form.rb:28
  [1m[36mUser Update (0.6ms)[0m  [1m[33mUPDATE "users" SET "password" = ?, "updated_at" = ? WHERE "users"."id" = ?[0m  [["password", "123456"], ["updated_at", "2018-05-29 17:04:34.517308"], ["id", 6]]
  ↳ app/forms_object/password_form.rb:28
  [1m[35m (2.2ms)[0m  [1m[36mcommit transaction[0m
  ↳ app/forms_object/password_form.rb:28
Redirected to http://localhost:3000/users/6
Completed 302 Found in 13ms (ActiveRecord: 3.4ms)


Started GET "/users/6" for 127.0.0.1 at 2018-05-30 00:04:34 +0700
Processing by UsersController#show as HTML
  Parameters: {"id"=>"6"}
  [1m[36mUser Load (0.2ms)[0m  [1m[34mSELECT  "users".* FROM "users" WHERE "users"."id" = ? LIMIT ?[0m  [["id", 6], ["LIMIT", 1]]
  ↳ app/controllers/application_controller.rb:4
  Rendering users/show.html.erb within layouts/application
  Rendered users/show.html.erb within layouts/application (0.9ms)
Completed 200 OK in 30ms (Views: 24.2ms | ActiveRecord: 0.2ms)


